2019-06-18 17:37:00.172  INFO 56351 --- [main] com.anhe.BasicApplication                : No active profile set, falling back to default profiles: default
2019-06-18 17:37:00.185  INFO 56351 --- [main] ationConfigEmbeddedWebApplicationContext : Refreshing org.springframework.boot.context.embedded.AnnotationConfigEmbeddedWebApplicationContext@7efaad5a: startup date [Tue Jun 18 17:37:00 CST 2019]; parent: org.springframework.context.annotation.AnnotationConfigApplicationContext@10e92f8f
2019-06-18 17:37:01.165  INFO 56351 --- [main] o.s.cloud.context.scope.GenericScope     : BeanFactory id=cfdd8d0b-8d9f-3e80-bdfe-ec985b905aee
2019-06-18 17:37:01.189  INFO 56351 --- [main] f.a.AutowiredAnnotationBeanPostProcessor : JSR-330 'javax.inject.Inject' annotation found and supported for autowiring
2019-06-18 17:37:01.243  INFO 56351 --- [main] trationDelegate$BeanPostProcessorChecker : Bean 'org.springframework.cloud.netflix.metrics.MetricsInterceptorConfiguration$MetricsRestTemplateConfiguration' of type [org.springframework.cloud.netflix.metrics.MetricsInterceptorConfiguration$MetricsRestTemplateConfiguration$$EnhancerBySpringCGLIB$$a0aad031] is not eligible for getting processed by all BeanPostProcessors (for example: not eligible for auto-proxying)
2019-06-18 17:37:01.253  INFO 56351 --- [main] trationDelegate$BeanPostProcessorChecker : Bean 'org.springframework.cloud.autoconfigure.ConfigurationPropertiesRebinderAutoConfiguration' of type [org.springframework.cloud.autoconfigure.ConfigurationPropertiesRebinderAutoConfiguration$$EnhancerBySpringCGLIB$$8a982ced] is not eligible for getting processed by all BeanPostProcessors (for example: not eligible for auto-proxying)
2019-06-18 17:37:01.477  INFO 56351 --- [main] s.b.c.e.t.TomcatEmbeddedServletContainer : Tomcat initialized with port(s): 0 (http)
2019-06-18 17:37:01.485  INFO 56351 --- [main] o.apache.catalina.core.StandardService   : Starting service [Tomcat]
2019-06-18 17:37:01.486  INFO 56351 --- [main] org.apache.catalina.core.StandardEngine  : Starting Servlet Engine: Apache Tomcat/8.5.15
2019-06-18 17:37:01.571  INFO 56351 --- [localhost-startStop-1] o.a.c.c.C.[Tomcat].[localhost].[/]       : Initializing Spring embedded WebApplicationContext
2019-06-18 17:37:01.571  INFO 56351 --- [localhost-startStop-1] o.s.web.context.ContextLoader            : Root WebApplicationContext: initialization completed in 1386 ms
2019-06-18 17:37:01.750  INFO 56351 --- [localhost-startStop-1] o.s.b.w.servlet.ServletRegistrationBean  : Mapping servlet: 'dispatcherServlet' to [/]
2019-06-18 17:37:01.754  INFO 56351 --- [localhost-startStop-1] o.s.b.w.servlet.FilterRegistrationBean   : Mapping filter: 'metricsFilter' to: [/*]
2019-06-18 17:37:01.754  INFO 56351 --- [localhost-startStop-1] o.s.b.w.servlet.FilterRegistrationBean   : Mapping filter: 'characterEncodingFilter' to: [/*]
2019-06-18 17:37:01.754  INFO 56351 --- [localhost-startStop-1] o.s.b.w.servlet.FilterRegistrationBean   : Mapping filter: 'hiddenHttpMethodFilter' to: [/*]
2019-06-18 17:37:01.755  INFO 56351 --- [localhost-startStop-1] o.s.b.w.servlet.FilterRegistrationBean   : Mapping filter: 'httpPutFormContentFilter' to: [/*]
2019-06-18 17:37:01.755  INFO 56351 --- [localhost-startStop-1] o.s.b.w.servlet.FilterRegistrationBean   : Mapping filter: 'requestContextFilter' to: [/*]
2019-06-18 17:37:01.755  INFO 56351 --- [localhost-startStop-1] o.s.b.w.servlet.FilterRegistrationBean   : Mapping filter: 'webRequestLoggingFilter' to: [/*]
2019-06-18 17:37:01.756  INFO 56351 --- [localhost-startStop-1] o.s.b.w.servlet.FilterRegistrationBean   : Mapping filter: 'applicationContextIdFilter' to: [/*]
2019-06-18 17:37:02.050  WARN 56351 --- [main] c.n.c.sources.URLConfigurationSource     : No URLs will be polled as dynamic configuration sources.
2019-06-18 17:37:02.051  INFO 56351 --- [main] c.n.c.sources.URLConfigurationSource     : To enable URLs as dynamic configuration sources, define System property archaius.configurationSource.additionalUrls or make config.properties available on classpath.
2019-06-18 17:37:02.057  WARN 56351 --- [main] c.n.c.sources.URLConfigurationSource     : No URLs will be polled as dynamic configuration sources.
2019-06-18 17:37:02.058  INFO 56351 --- [main] c.n.c.sources.URLConfigurationSource     : To enable URLs as dynamic configuration sources, define System property archaius.configurationSource.additionalUrls or make config.properties available on classpath.
2019-06-18 17:37:02.144  INFO 56351 --- [main] o.a.c.c.C.[Tomcat].[localhost].[/]       : jolokia: No access restrictor found, access to any MBean is allowed
2019-06-18 17:37:02.315  INFO 56351 --- [main] s.w.s.m.m.a.RequestMappingHandlerAdapter : Looking for @ControllerAdvice: org.springframework.boot.context.embedded.AnnotationConfigEmbeddedWebApplicationContext@7efaad5a: startup date [Tue Jun 18 17:37:00 CST 2019]; parent: org.springframework.context.annotation.AnnotationConfigApplicationContext@10e92f8f
2019-06-18 17:37:02.382  INFO 56351 --- [main] s.w.s.m.m.a.RequestMappingHandlerMapping : Mapped "{[/refactor/hello5]}" onto public com.anhe.dto.User com.anhe.controller.RefactorController.hello5(java.lang.String,java.lang.Integer)
2019-06-18 17:37:02.383  INFO 56351 --- [main] s.w.s.m.m.a.RequestMappingHandlerMapping : Mapped "{[/refactor/hello6]}" onto public java.lang.String com.anhe.controller.RefactorController.hello6(com.anhe.dto.User)
2019-06-18 17:37:02.383  INFO 56351 --- [main] s.w.s.m.m.a.RequestMappingHandlerMapping : Mapped "{[/refactor/hello4]}" onto public java.lang.String com.anhe.controller.RefactorController.hello4(java.lang.String)
2019-06-18 17:37:02.384  INFO 56351 --- [main] s.w.s.m.m.a.RequestMappingHandlerMapping : Mapped "{[/hello3]}" onto public java.lang.String com.anhe.controller.TestController.hello3(org.apache.catalina.servlet4preview.http.HttpServletRequest,com.anhe.pojo.User)
2019-06-18 17:37:02.384  INFO 56351 --- [main] s.w.s.m.m.a.RequestMappingHandlerMapping : Mapped "{[/hello2]}" onto public com.anhe.pojo.User com.anhe.controller.TestController.hello2(java.lang.String,java.lang.Integer)
2019-06-18 17:37:02.384  INFO 56351 --- [main] s.w.s.m.m.a.RequestMappingHandlerMapping : Mapped "{[/hello]}" onto public java.lang.String com.anhe.controller.TestController.hello()
2019-06-18 17:37:02.384  INFO 56351 --- [main] s.w.s.m.m.a.RequestMappingHandlerMapping : Mapped "{[/hello1]}" onto public java.lang.String com.anhe.controller.TestController.hello1(java.lang.String)
2019-06-18 17:37:02.385  INFO 56351 --- [main] s.w.s.m.m.a.RequestMappingHandlerMapping : Mapped "{[/math]}" onto public java.lang.String com.anhe.controller.TestController.math(int) throws java.lang.RuntimeException
2019-06-18 17:37:02.386  INFO 56351 --- [main] s.w.s.m.m.a.RequestMappingHandlerMapping : Mapped "{[/error]}" onto public org.springframework.http.ResponseEntity<java.util.Map<java.lang.String, java.lang.Object>> org.springframework.boot.autoconfigure.web.BasicErrorController.error(javax.servlet.http.HttpServletRequest)
2019-06-18 17:37:02.387  INFO 56351 --- [main] s.w.s.m.m.a.RequestMappingHandlerMapping : Mapped "{[/error],produces=[text/html]}" onto public org.springframework.web.servlet.ModelAndView org.springframework.boot.autoconfigure.web.BasicErrorController.errorHtml(javax.servlet.http.HttpServletRequest,javax.servlet.http.HttpServletResponse)
2019-06-18 17:37:02.415  INFO 56351 --- [main] o.s.w.s.handler.SimpleUrlHandlerMapping  : Mapped URL path [/webjars/**] onto handler of type [class org.springframework.web.servlet.resource.ResourceHttpRequestHandler]
2019-06-18 17:37:02.416  INFO 56351 --- [main] o.s.w.s.handler.SimpleUrlHandlerMapping  : Mapped URL path [/**] onto handler of type [class org.springframework.web.servlet.resource.ResourceHttpRequestHandler]
2019-06-18 17:37:02.431  INFO 56351 --- [main] .m.m.a.ExceptionHandlerExceptionResolver : Detected @ExceptionHandler methods in exceptionHaldle
2019-06-18 17:37:02.448  INFO 56351 --- [main] o.s.w.s.handler.SimpleUrlHandlerMapping  : Mapped URL path [/**/favicon.ico] onto handler of type [class org.springframework.web.servlet.resource.ResourceHttpRequestHandler]
2019-06-18 17:37:02.889  INFO 56351 --- [main] o.s.b.a.e.mvc.EndpointHandlerMapping     : Mapped "{[/features || /features.json],methods=[GET],produces=[application/vnd.spring-boot.actuator.v1+json || application/json]}" onto public java.lang.Object org.springframework.boot.actuate.endpoint.mvc.EndpointMvcAdapter.invoke()
2019-06-18 17:37:02.889  INFO 56351 --- [main] o.s.b.a.e.mvc.EndpointHandlerMapping     : Mapped "{[/trace || /trace.json],methods=[GET],produces=[application/vnd.spring-boot.actuator.v1+json || application/json]}" onto public java.lang.Object org.springframework.boot.actuate.endpoint.mvc.EndpointMvcAdapter.invoke()
2019-06-18 17:37:02.890  INFO 56351 --- [main] o.s.b.a.e.mvc.EndpointHandlerMapping     : Mapped "{[/service-registry/instance-status],methods=[GET]}" onto public org.springframework.http.ResponseEntity org.springframework.cloud.client.serviceregistry.endpoint.ServiceRegistryEndpoint.getStatus()
2019-06-18 17:37:02.890  INFO 56351 --- [main] o.s.b.a.e.mvc.EndpointHandlerMapping     : Mapped "{[/service-registry/instance-status],methods=[POST]}" onto public org.springframework.http.ResponseEntity<?> org.springframework.cloud.client.serviceregistry.endpoint.ServiceRegistryEndpoint.setStatus(java.lang.String)
2019-06-18 17:37:02.891  INFO 56351 --- [main] o.s.b.a.e.mvc.EndpointHandlerMapping     : Mapped "{[/metrics/{name:.*}],methods=[GET],produces=[application/vnd.spring-boot.actuator.v1+json || application/json]}" onto public java.lang.Object org.springframework.boot.actuate.endpoint.mvc.MetricsMvcEndpoint.value(java.lang.String)
2019-06-18 17:37:02.891  INFO 56351 --- [main] o.s.b.a.e.mvc.EndpointHandlerMapping     : Mapped "{[/metrics || /metrics.json],methods=[GET],produces=[application/vnd.spring-boot.actuator.v1+json || application/json]}" onto public java.lang.Object org.springframework.boot.actuate.endpoint.mvc.EndpointMvcAdapter.invoke()
2019-06-18 17:37:02.892  INFO 56351 --- [main] o.s.b.a.e.mvc.EndpointHandlerMapping     : Mapped "{[/refresh || /refresh.json],methods=[POST]}" onto public java.lang.Object org.springframework.cloud.endpoint.GenericPostableMvcEndpoint.invoke()
2019-06-18 17:37:02.894  INFO 56351 --- [main] o.s.b.a.e.mvc.EndpointHandlerMapping     : Mapped "{[/shutdown || /shutdown.json],methods=[POST],produces=[application/vnd.spring-boot.actuator.v1+json || application/json]}" onto public java.lang.Object org.springframework.boot.actuate.endpoint.mvc.ShutdownMvcEndpoint.invoke()
2019-06-18 17:37:02.894  INFO 56351 --- [main] o.s.b.a.e.mvc.EndpointHandlerMapping     : Mapped "{[/env],methods=[POST]}" onto public java.lang.Object org.springframework.cloud.context.environment.EnvironmentManagerMvcEndpoint.value(java.util.Map<java.lang.String, java.lang.String>)
2019-06-18 17:37:02.894  INFO 56351 --- [main] o.s.b.a.e.mvc.EndpointHandlerMapping     : Mapped "{[/env/reset],methods=[POST]}" onto public java.util.Map<java.lang.String, java.lang.Object> org.springframework.cloud.context.environment.EnvironmentManagerMvcEndpoint.reset()
2019-06-18 17:37:02.896  INFO 56351 --- [main] o.s.b.a.e.mvc.EndpointHandlerMapping     : Mapped "{[/resume || /resume.json],methods=[POST]}" onto public java.lang.Object org.springframework.cloud.endpoint.GenericPostableMvcEndpoint.invoke()
2019-06-18 17:37:02.897  INFO 56351 --- [main] o.s.b.a.e.mvc.EndpointHandlerMapping     : Mapped "{[/logfile || /logfile.json],methods=[GET || HEAD]}" onto public void org.springframework.boot.actuate.endpoint.mvc.LogFileMvcEndpoint.invoke(javax.servlet.http.HttpServletRequest,javax.servlet.http.HttpServletResponse) throws javax.servlet.ServletException,java.io.IOException
2019-06-18 17:37:02.897  INFO 56351 --- [main] o.s.b.a.e.mvc.EndpointHandlerMapping     : Mapped "{[/info || /info.json],methods=[GET],produces=[application/vnd.spring-boot.actuator.v1+json || application/json]}" onto public java.lang.Object org.springframework.boot.actuate.endpoint.mvc.EndpointMvcAdapter.invoke()
2019-06-18 17:37:02.898  INFO 56351 --- [main] o.s.b.a.e.mvc.EndpointHandlerMapping     : Mapped "{[/loggers/{name:.*}],methods=[GET],produces=[application/vnd.spring-boot.actuator.v1+json || application/json]}" onto public java.lang.Object org.springframework.boot.actuate.endpoint.mvc.LoggersMvcEndpoint.get(java.lang.String)
2019-06-18 17:37:02.899  INFO 56351 --- [main] o.s.b.a.e.mvc.EndpointHandlerMapping     : Mapped "{[/loggers/{name:.*}],methods=[POST],consumes=[application/vnd.spring-boot.actuator.v1+json || application/json],produces=[application/vnd.spring-boot.actuator.v1+json || application/json]}" onto public java.lang.Object org.springframework.boot.actuate.endpoint.mvc.LoggersMvcEndpoint.set(java.lang.String,java.util.Map<java.lang.String, java.lang.String>)
2019-06-18 17:37:02.899  INFO 56351 --- [main] o.s.b.a.e.mvc.EndpointHandlerMapping     : Mapped "{[/loggers || /loggers.json],methods=[GET],produces=[application/vnd.spring-boot.actuator.v1+json || application/json]}" onto public java.lang.Object org.springframework.boot.actuate.endpoint.mvc.EndpointMvcAdapter.invoke()
2019-06-18 17:37:02.900  INFO 56351 --- [main] o.s.b.a.e.mvc.EndpointHandlerMapping     : Mapped "{[/env/{name:.*}],methods=[GET],produces=[application/vnd.spring-boot.actuator.v1+json || application/json]}" onto public java.lang.Object org.springframework.boot.actuate.endpoint.mvc.EnvironmentMvcEndpoint.value(java.lang.String)
2019-06-18 17:37:02.900  INFO 56351 --- [main] o.s.b.a.e.mvc.EndpointHandlerMapping     : Mapped "{[/env || /env.json],methods=[GET],produces=[application/vnd.spring-boot.actuator.v1+json || application/json]}" onto public java.lang.Object org.springframework.boot.actuate.endpoint.mvc.EndpointMvcAdapter.invoke()
2019-06-18 17:37:02.900  INFO 56351 --- [main] o.s.b.a.e.mvc.EndpointHandlerMapping     : Mapped "{[/restart || /restart.json],methods=[POST]}" onto public java.lang.Object org.springframework.cloud.context.restart.RestartMvcEndpoint.invoke()
2019-06-18 17:37:02.901  INFO 56351 --- [main] o.s.b.a.e.mvc.EndpointHandlerMapping     : Mapped "{[/archaius || /archaius.json],methods=[GET],produces=[application/vnd.spring-boot.actuator.v1+json || application/json]}" onto public java.lang.Object org.springframework.boot.actuate.endpoint.mvc.EndpointMvcAdapter.invoke()
2019-06-18 17:37:02.902  INFO 56351 --- [main] o.s.b.a.e.mvc.EndpointHandlerMapping     : Mapped "{[/dump || /dump.json],methods=[GET],produces=[application/vnd.spring-boot.actuator.v1+json || application/json]}" onto public java.lang.Object org.springframework.boot.actuate.endpoint.mvc.EndpointMvcAdapter.invoke()
2019-06-18 17:37:02.903  INFO 56351 --- [main] o.s.b.a.e.mvc.EndpointHandlerMapping     : Mapped "{[/jolokia/**]}" onto public org.springframework.web.servlet.ModelAndView org.springframework.boot.actuate.endpoint.mvc.JolokiaMvcEndpoint.handle(javax.servlet.http.HttpServletRequest,javax.servlet.http.HttpServletResponse) throws java.lang.Exception
2019-06-18 17:37:02.903  INFO 56351 --- [main] o.s.b.a.e.mvc.EndpointHandlerMapping     : Mapped "{[/health || /health.json],methods=[GET],produces=[application/vnd.spring-boot.actuator.v1+json || application/json]}" onto public java.lang.Object org.springframework.boot.actuate.endpoint.mvc.HealthMvcEndpoint.invoke(javax.servlet.http.HttpServletRequest,java.security.Principal)
2019-06-18 17:37:02.904  INFO 56351 --- [main] o.s.b.a.e.mvc.EndpointHandlerMapping     : Mapped "{[/mappings || /mappings.json],methods=[GET],produces=[application/vnd.spring-boot.actuator.v1+json || application/json]}" onto public java.lang.Object org.springframework.boot.actuate.endpoint.mvc.EndpointMvcAdapter.invoke()
2019-06-18 17:37:02.904  INFO 56351 --- [main] o.s.b.a.e.mvc.EndpointHandlerMapping     : Mapped "{[/heapdump || /heapdump.json],methods=[GET],produces=[application/octet-stream]}" onto public void org.springframework.boot.actuate.endpoint.mvc.HeapdumpMvcEndpoint.invoke(boolean,javax.servlet.http.HttpServletRequest,javax.servlet.http.HttpServletResponse) throws java.io.IOException,javax.servlet.ServletException
2019-06-18 17:37:02.905  INFO 56351 --- [main] o.s.b.a.e.mvc.EndpointHandlerMapping     : Mapped "{[/auditevents || /auditevents.json],methods=[GET],produces=[application/vnd.spring-boot.actuator.v1+json || application/json]}" onto public org.springframework.http.ResponseEntity<?> org.springframework.boot.actuate.endpoint.mvc.AuditEventsMvcEndpoint.findByPrincipalAndAfterAndType(java.lang.String,java.util.Date,java.lang.String)
2019-06-18 17:37:02.906  INFO 56351 --- [main] o.s.b.a.e.mvc.EndpointHandlerMapping     : Mapped "{[/configprops || /configprops.json],methods=[GET],produces=[application/vnd.spring-boot.actuator.v1+json || application/json]}" onto public java.lang.Object org.springframework.boot.actuate.endpoint.mvc.EndpointMvcAdapter.invoke()
2019-06-18 17:37:02.906  INFO 56351 --- [main] o.s.b.a.e.mvc.EndpointHandlerMapping     : Mapped "{[/autoconfig || /autoconfig.json],methods=[GET],produces=[application/vnd.spring-boot.actuator.v1+json || application/json]}" onto public java.lang.Object org.springframework.boot.actuate.endpoint.mvc.EndpointMvcAdapter.invoke()
2019-06-18 17:37:02.906  INFO 56351 --- [main] o.s.b.a.e.mvc.EndpointHandlerMapping     : Mapped "{[/pause || /pause.json],methods=[POST]}" onto public java.lang.Object org.springframework.cloud.endpoint.GenericPostableMvcEndpoint.invoke()
2019-06-18 17:37:02.907  INFO 56351 --- [main] o.s.b.a.e.mvc.EndpointHandlerMapping     : Mapped "{[/beans || /beans.json],methods=[GET],produces=[application/vnd.spring-boot.actuator.v1+json || application/json]}" onto public java.lang.Object org.springframework.boot.actuate.endpoint.mvc.EndpointMvcAdapter.invoke()
2019-06-18 17:37:03.137  INFO 56351 --- [main] o.s.j.e.a.AnnotationMBeanExporter        : Registering beans for JMX exposure on startup
2019-06-18 17:37:03.149  INFO 56351 --- [main] o.s.j.e.a.AnnotationMBeanExporter        : Bean with name 'environmentManager' has been autodetected for JMX exposure
2019-06-18 17:37:03.151  INFO 56351 --- [main] o.s.j.e.a.AnnotationMBeanExporter        : Bean with name 'configurationPropertiesRebinder' has been autodetected for JMX exposure
2019-06-18 17:37:03.152  INFO 56351 --- [main] o.s.j.e.a.AnnotationMBeanExporter        : Bean with name 'refreshEndpoint' has been autodetected for JMX exposure
2019-06-18 17:37:03.152  INFO 56351 --- [main] o.s.j.e.a.AnnotationMBeanExporter        : Bean with name 'restartEndpoint' has been autodetected for JMX exposure
2019-06-18 17:37:03.153  INFO 56351 --- [main] o.s.j.e.a.AnnotationMBeanExporter        : Bean with name 'serviceRegistryEndpoint' has been autodetected for JMX exposure
2019-06-18 17:37:03.153  INFO 56351 --- [main] o.s.j.e.a.AnnotationMBeanExporter        : Bean with name 'refreshScope' has been autodetected for JMX exposure
2019-06-18 17:37:03.156  INFO 56351 --- [main] o.s.j.e.a.AnnotationMBeanExporter        : Located managed bean 'environmentManager': registering with JMX server as MBean [org.springframework.cloud.context.environment:name=environmentManager,type=EnvironmentManager]
2019-06-18 17:37:03.168  INFO 56351 --- [main] o.s.j.e.a.AnnotationMBeanExporter        : Located managed bean 'restartEndpoint': registering with JMX server as MBean [org.springframework.cloud.context.restart:name=restartEndpoint,type=RestartEndpoint]
2019-06-18 17:37:03.177  INFO 56351 --- [main] o.s.j.e.a.AnnotationMBeanExporter        : Located managed bean 'serviceRegistryEndpoint': registering with JMX server as MBean [org.springframework.cloud.client.serviceregistry.endpoint:name=serviceRegistryEndpoint,type=ServiceRegistryEndpoint]
2019-06-18 17:37:03.182  INFO 56351 --- [main] o.s.j.e.a.AnnotationMBeanExporter        : Located managed bean 'refreshScope': registering with JMX server as MBean [org.springframework.cloud.context.scope.refresh:name=refreshScope,type=RefreshScope]
2019-06-18 17:37:03.190  INFO 56351 --- [main] o.s.j.e.a.AnnotationMBeanExporter        : Located managed bean 'configurationPropertiesRebinder': registering with JMX server as MBean [org.springframework.cloud.context.properties:name=configurationPropertiesRebinder,context=7efaad5a,type=ConfigurationPropertiesRebinder]
2019-06-18 17:37:03.194  INFO 56351 --- [main] o.s.j.e.a.AnnotationMBeanExporter        : Located managed bean 'refreshEndpoint': registering with JMX server as MBean [org.springframework.cloud.endpoint:name=refreshEndpoint,type=RefreshEndpoint]
2019-06-18 17:37:03.302  INFO 56351 --- [main] o.a.c.c.C.[Tomcat].[localhost].[/]       : jolokia: No access restrictor found, access to any MBean is allowed
2019-06-18 17:37:03.305  INFO 56351 --- [main] o.a.c.c.C.[Tomcat].[localhost].[/]       : jolokia: jolokia:type=Config is already registered. Adding it with jolokia:type=Config,uuid=9d6053ff-ded4-4a8e-91cd-3d9a64a70fca, but you should revise your setup in order to either use a qualifier or ensure, that only a single agent gets registered (otherwise history functionality might not work)
2019-06-18 17:37:03.305  INFO 56351 --- [main] o.a.c.c.C.[Tomcat].[localhost].[/]       : jolokia: Cannot register (legacy) MBean handler for config store with name jmx4perl:type=Config since it already exists. This is the case if another agent has been already started within the same JVM. The registration is skipped.
2019-06-18 17:37:03.305  INFO 56351 --- [main] o.a.c.c.C.[Tomcat].[localhost].[/]       : jolokia: Jolokia Discovery MBean registration is skipped because there is already one registered.
2019-06-18 17:37:03.346  INFO 56351 --- [main] o.s.c.support.DefaultLifecycleProcessor  : Starting beans in phase 0
2019-06-18 17:37:03.458  INFO 56351 --- [main] s.b.c.e.t.TomcatEmbeddedServletContainer : Tomcat started on port(s): 51233 (http)
2019-06-18 17:37:03.459  INFO 56351 --- [main] .s.c.n.e.s.EurekaAutoServiceRegistration : Updating port to 51233
2019-06-18 17:37:03.466  INFO 56351 --- [main] o.s.c.n.eureka.InstanceInfoFactory       : Setting initial instance status as: STARTING
2019-06-18 17:37:03.493  INFO 56351 --- [main] com.netflix.discovery.DiscoveryClient    : Initializing Eureka in region us-east-1
2019-06-18 17:37:03.621  INFO 56351 --- [main] c.n.d.provider.DiscoveryJerseyProvider   : Using JSON encoding codec LegacyJacksonJson
2019-06-18 17:37:03.621  INFO 56351 --- [main] c.n.d.provider.DiscoveryJerseyProvider   : Using JSON decoding codec LegacyJacksonJson
2019-06-18 17:37:03.798  INFO 56351 --- [main] c.n.d.provider.DiscoveryJerseyProvider   : Using XML encoding codec XStreamXml
2019-06-18 17:37:03.798  INFO 56351 --- [main] c.n.d.provider.DiscoveryJerseyProvider   : Using XML decoding codec XStreamXml
2019-06-18 17:37:03.997  INFO 56351 --- [main] c.n.d.s.r.aws.ConfigClusterResolver      : Resolving eureka endpoints via configuration
2019-06-18 17:37:04.012  INFO 56351 --- [main] com.netflix.discovery.DiscoveryClient    : Disable delta property : false
2019-06-18 17:37:04.012  INFO 56351 --- [main] com.netflix.discovery.DiscoveryClient    : Single vip registry refresh property : null
2019-06-18 17:37:04.012  INFO 56351 --- [main] com.netflix.discovery.DiscoveryClient    : Force full registry fetch : false
2019-06-18 17:37:04.012  INFO 56351 --- [main] com.netflix.discovery.DiscoveryClient    : Application is null : false
2019-06-18 17:37:04.012  INFO 56351 --- [main] com.netflix.discovery.DiscoveryClient    : Registered Applications size is zero : true
2019-06-18 17:37:04.012  INFO 56351 --- [main] com.netflix.discovery.DiscoveryClient    : Application version is -1: true
2019-06-18 17:37:04.012  INFO 56351 --- [main] com.netflix.discovery.DiscoveryClient    : Getting all instance registry info from the eureka server
2019-06-18 17:37:04.142  INFO 56351 --- [main] com.netflix.discovery.DiscoveryClient    : The response status is 200
2019-06-18 17:37:04.143  INFO 56351 --- [main] com.netflix.discovery.DiscoveryClient    : Starting heartbeat executor: renew interval is: 30
2019-06-18 17:37:04.145  INFO 56351 --- [main] c.n.discovery.InstanceInfoReplicator     : InstanceInfoReplicator onDemand update allowed rate per min is 4
2019-06-18 17:37:04.147  INFO 56351 --- [main] com.netflix.discovery.DiscoveryClient    : Discovery Client initialized at timestamp 1560850624147 with initial instances count: 7
2019-06-18 17:37:04.163  INFO 56351 --- [main] o.s.c.n.e.s.EurekaServiceRegistry        : Registering application basic-application with eureka with status UP
2019-06-18 17:37:04.164  INFO 56351 --- [main] com.netflix.discovery.DiscoveryClient    : Saw local status change event StatusChangeEvent [timestamp=1560850624164, current=UP, previous=STARTING]
2019-06-18 17:37:04.166  INFO 56351 --- [DiscoveryClient-InstanceInfoReplicator-0] com.netflix.discovery.DiscoveryClient    : DiscoveryClient_BASIC-APPLICATION/basic-application:-532869857: registering service...
2019-06-18 17:37:04.174  INFO 56351 --- [main] com.anhe.BasicApplication                : Started BasicApplication in 5.124 seconds (JVM running for 6.014)
2019-06-18 17:37:04.204  INFO 56351 --- [DiscoveryClient-InstanceInfoReplicator-0] com.netflix.discovery.DiscoveryClient    : DiscoveryClient_BASIC-APPLICATION/basic-application:-532869857 - registration status: 204
2019-06-18 17:37:38.696  INFO 56351 --- [http-nio-auto-1-exec-1] o.a.c.c.C.[Tomcat].[localhost].[/]       : Initializing Spring FrameworkServlet 'dispatcherServlet'
2019-06-18 17:37:38.696  INFO 56351 --- [http-nio-auto-1-exec-1] o.s.web.servlet.DispatcherServlet        : FrameworkServlet 'dispatcherServlet': initialization started
2019-06-18 17:37:38.712  INFO 56351 --- [http-nio-auto-1-exec-1] o.s.web.servlet.DispatcherServlet        : FrameworkServlet 'dispatcherServlet': initialization completed in 15 ms
2019-06-18 17:37:38.737  INFO 56351 --- [http-nio-auto-1-exec-1] com.anhe.controller.TestController       : registration#getServiceId basic-application
2019-06-18 17:37:38.737  INFO 56351 --- [http-nio-auto-1-exec-1] com.anhe.controller.TestController       : host: albert-tang port: 0, service_id: basic-application
2019-06-18 17:39:51.445  INFO 56351 --- [Thread-15] ationConfigEmbeddedWebApplicationContext : Closing org.springframework.boot.context.embedded.AnnotationConfigEmbeddedWebApplicationContext@7efaad5a: startup date [Tue Jun 18 17:37:00 CST 2019]; parent: org.springframework.context.annotation.AnnotationConfigApplicationContext@10e92f8f
2019-06-18 17:39:51.446  INFO 56351 --- [Thread-15] o.s.c.n.e.s.EurekaServiceRegistry        : Unregistering application basic-application with eureka with status DOWN
2019-06-18 17:39:51.446  WARN 56351 --- [Thread-15] com.netflix.discovery.DiscoveryClient    : Saw local status change event StatusChangeEvent [timestamp=1560850791446, current=DOWN, previous=UP]
2019-06-18 17:39:51.447  INFO 56351 --- [Thread-15] com.netflix.discovery.DiscoveryClient    : Shutting down DiscoveryClient ...
2019-06-18 17:39:51.447  INFO 56351 --- [DiscoveryClient-InstanceInfoReplicator-0] com.netflix.discovery.DiscoveryClient    : DiscoveryClient_BASIC-APPLICATION/basic-application:-532869857: registering service...
2019-06-18 17:39:51.447  INFO 56351 --- [Thread-15] com.netflix.discovery.DiscoveryClient    : Unregistering ...
2019-06-18 17:39:51.458  INFO 56351 --- [DiscoveryClient-InstanceInfoReplicator-0] com.netflix.discovery.DiscoveryClient    : DiscoveryClient_BASIC-APPLICATION/basic-application:-532869857 - registration status: 204
2019-06-18 17:39:51.459  INFO 56351 --- [Thread-15] com.netflix.discovery.DiscoveryClient    : DiscoveryClient_BASIC-APPLICATION/basic-application:-532869857 - deregister  status: 200
2019-06-18 17:39:51.461  INFO 56351 --- [Thread-15] com.netflix.discovery.DiscoveryClient    : Completed shut down of DiscoveryClient
2019-06-18 17:39:51.463  INFO 56351 --- [Thread-15] o.s.c.support.DefaultLifecycleProcessor  : Stopping beans in phase 0
2019-06-18 17:39:51.465  INFO 56351 --- [Thread-15] o.s.j.e.a.AnnotationMBeanExporter        : Unregistering JMX-exposed beans on shutdown
2019-06-18 17:39:51.466  INFO 56351 --- [Thread-15] o.s.j.e.a.AnnotationMBeanExporter        : Unregistering JMX-exposed beans
2019-06-18 17:39:57.145  INFO 56958 --- [main] com.anhe.BasicApplication                : No active profile set, falling back to default profiles: default
2019-06-18 17:39:57.166  INFO 56958 --- [main] ationConfigEmbeddedWebApplicationContext : Refreshing org.springframework.boot.context.embedded.AnnotationConfigEmbeddedWebApplicationContext@7efaad5a: startup date [Tue Jun 18 17:39:57 CST 2019]; parent: org.springframework.context.annotation.AnnotationConfigApplicationContext@10e92f8f
2019-06-18 17:39:58.022  INFO 56958 --- [main] o.s.cloud.context.scope.GenericScope     : BeanFactory id=cfdd8d0b-8d9f-3e80-bdfe-ec985b905aee
2019-06-18 17:39:58.037  INFO 56958 --- [main] f.a.AutowiredAnnotationBeanPostProcessor : JSR-330 'javax.inject.Inject' annotation found and supported for autowiring
2019-06-18 17:39:58.088  INFO 56958 --- [main] trationDelegate$BeanPostProcessorChecker : Bean 'org.springframework.cloud.netflix.metrics.MetricsInterceptorConfiguration$MetricsRestTemplateConfiguration' of type [org.springframework.cloud.netflix.metrics.MetricsInterceptorConfiguration$MetricsRestTemplateConfiguration$$EnhancerBySpringCGLIB$$a0aad031] is not eligible for getting processed by all BeanPostProcessors (for example: not eligible for auto-proxying)
2019-06-18 17:39:58.097  INFO 56958 --- [main] trationDelegate$BeanPostProcessorChecker : Bean 'org.springframework.cloud.autoconfigure.ConfigurationPropertiesRebinderAutoConfiguration' of type [org.springframework.cloud.autoconfigure.ConfigurationPropertiesRebinderAutoConfiguration$$EnhancerBySpringCGLIB$$8a982ced] is not eligible for getting processed by all BeanPostProcessors (for example: not eligible for auto-proxying)
2019-06-18 17:39:58.315  INFO 56958 --- [main] s.b.c.e.t.TomcatEmbeddedServletContainer : Tomcat initialized with port(s): 0 (http)
2019-06-18 17:39:58.322  INFO 56958 --- [main] o.apache.catalina.core.StandardService   : Starting service [Tomcat]
2019-06-18 17:39:58.323  INFO 56958 --- [main] org.apache.catalina.core.StandardEngine  : Starting Servlet Engine: Apache Tomcat/8.5.15
2019-06-18 17:39:58.407  INFO 56958 --- [localhost-startStop-1] o.a.c.c.C.[Tomcat].[localhost].[/]       : Initializing Spring embedded WebApplicationContext
2019-06-18 17:39:58.407  INFO 56958 --- [localhost-startStop-1] o.s.web.context.ContextLoader            : Root WebApplicationContext: initialization completed in 1241 ms
2019-06-18 17:39:58.591  INFO 56958 --- [localhost-startStop-1] o.s.b.w.servlet.ServletRegistrationBean  : Mapping servlet: 'dispatcherServlet' to [/]
2019-06-18 17:39:58.595  INFO 56958 --- [localhost-startStop-1] o.s.b.w.servlet.FilterRegistrationBean   : Mapping filter: 'metricsFilter' to: [/*]
2019-06-18 17:39:58.596  INFO 56958 --- [localhost-startStop-1] o.s.b.w.servlet.FilterRegistrationBean   : Mapping filter: 'characterEncodingFilter' to: [/*]
2019-06-18 17:39:58.596  INFO 56958 --- [localhost-startStop-1] o.s.b.w.servlet.FilterRegistrationBean   : Mapping filter: 'hiddenHttpMethodFilter' to: [/*]
2019-06-18 17:39:58.596  INFO 56958 --- [localhost-startStop-1] o.s.b.w.servlet.FilterRegistrationBean   : Mapping filter: 'httpPutFormContentFilter' to: [/*]
2019-06-18 17:39:58.596  INFO 56958 --- [localhost-startStop-1] o.s.b.w.servlet.FilterRegistrationBean   : Mapping filter: 'requestContextFilter' to: [/*]
2019-06-18 17:39:58.597  INFO 56958 --- [localhost-startStop-1] o.s.b.w.servlet.FilterRegistrationBean   : Mapping filter: 'webRequestLoggingFilter' to: [/*]
2019-06-18 17:39:58.597  INFO 56958 --- [localhost-startStop-1] o.s.b.w.servlet.FilterRegistrationBean   : Mapping filter: 'applicationContextIdFilter' to: [/*]
2019-06-18 17:39:58.827  WARN 56958 --- [main] c.n.c.sources.URLConfigurationSource     : No URLs will be polled as dynamic configuration sources.
2019-06-18 17:39:58.827  INFO 56958 --- [main] c.n.c.sources.URLConfigurationSource     : To enable URLs as dynamic configuration sources, define System property archaius.configurationSource.additionalUrls or make config.properties available on classpath.
2019-06-18 17:39:58.831  WARN 56958 --- [main] c.n.c.sources.URLConfigurationSource     : No URLs will be polled as dynamic configuration sources.
2019-06-18 17:39:58.831  INFO 56958 --- [main] c.n.c.sources.URLConfigurationSource     : To enable URLs as dynamic configuration sources, define System property archaius.configurationSource.additionalUrls or make config.properties available on classpath.
2019-06-18 17:39:58.894  INFO 56958 --- [main] o.a.c.c.C.[Tomcat].[localhost].[/]       : jolokia: No access restrictor found, access to any MBean is allowed
2019-06-18 17:39:59.057  INFO 56958 --- [main] s.w.s.m.m.a.RequestMappingHandlerAdapter : Looking for @ControllerAdvice: org.springframework.boot.context.embedded.AnnotationConfigEmbeddedWebApplicationContext@7efaad5a: startup date [Tue Jun 18 17:39:57 CST 2019]; parent: org.springframework.context.annotation.AnnotationConfigApplicationContext@10e92f8f
2019-06-18 17:39:59.128  INFO 56958 --- [main] s.w.s.m.m.a.RequestMappingHandlerMapping : Mapped "{[/refactor/hello4]}" onto public java.lang.String com.anhe.controller.RefactorController.hello4(java.lang.String)
2019-06-18 17:39:59.129  INFO 56958 --- [main] s.w.s.m.m.a.RequestMappingHandlerMapping : Mapped "{[/refactor/hello5]}" onto public com.anhe.dto.User com.anhe.controller.RefactorController.hello5(java.lang.String,java.lang.Integer)
2019-06-18 17:39:59.129  INFO 56958 --- [main] s.w.s.m.m.a.RequestMappingHandlerMapping : Mapped "{[/refactor/hello6]}" onto public java.lang.String com.anhe.controller.RefactorController.hello6(com.anhe.dto.User)
2019-06-18 17:39:59.131  INFO 56958 --- [main] s.w.s.m.m.a.RequestMappingHandlerMapping : Mapped "{[/math]}" onto public java.lang.String com.anhe.controller.TestController.math(int) throws java.lang.RuntimeException
2019-06-18 17:39:59.132  INFO 56958 --- [main] s.w.s.m.m.a.RequestMappingHandlerMapping : Mapped "{[/hello]}" onto public java.lang.String com.anhe.controller.TestController.hello()
2019-06-18 17:39:59.132  INFO 56958 --- [main] s.w.s.m.m.a.RequestMappingHandlerMapping : Mapped "{[/hello1]}" onto public java.lang.String com.anhe.controller.TestController.hello1(java.lang.String)
2019-06-18 17:39:59.132  INFO 56958 --- [main] s.w.s.m.m.a.RequestMappingHandlerMapping : Mapped "{[/hello2]}" onto public com.anhe.pojo.User com.anhe.controller.TestController.hello2(java.lang.String,java.lang.Integer)
2019-06-18 17:39:59.133  INFO 56958 --- [main] s.w.s.m.m.a.RequestMappingHandlerMapping : Mapped "{[/hello3]}" onto public java.lang.String com.anhe.controller.TestController.hello3(org.apache.catalina.servlet4preview.http.HttpServletRequest,com.anhe.pojo.User)
2019-06-18 17:39:59.135  INFO 56958 --- [main] s.w.s.m.m.a.RequestMappingHandlerMapping : Mapped "{[/error]}" onto public org.springframework.http.ResponseEntity<java.util.Map<java.lang.String, java.lang.Object>> org.springframework.boot.autoconfigure.web.BasicErrorController.error(javax.servlet.http.HttpServletRequest)
2019-06-18 17:39:59.136  INFO 56958 --- [main] s.w.s.m.m.a.RequestMappingHandlerMapping : Mapped "{[/error],produces=[text/html]}" onto public org.springframework.web.servlet.ModelAndView org.springframework.boot.autoconfigure.web.BasicErrorController.errorHtml(javax.servlet.http.HttpServletRequest,javax.servlet.http.HttpServletResponse)
2019-06-18 17:39:59.170  INFO 56958 --- [main] o.s.w.s.handler.SimpleUrlHandlerMapping  : Mapped URL path [/webjars/**] onto handler of type [class org.springframework.web.servlet.resource.ResourceHttpRequestHandler]
2019-06-18 17:39:59.170  INFO 56958 --- [main] o.s.w.s.handler.SimpleUrlHandlerMapping  : Mapped URL path [/**] onto handler of type [class org.springframework.web.servlet.resource.ResourceHttpRequestHandler]
2019-06-18 17:39:59.189  INFO 56958 --- [main] .m.m.a.ExceptionHandlerExceptionResolver : Detected @ExceptionHandler methods in exceptionHaldle
2019-06-18 17:39:59.211  INFO 56958 --- [main] o.s.w.s.handler.SimpleUrlHandlerMapping  : Mapped URL path [/**/favicon.ico] onto handler of type [class org.springframework.web.servlet.resource.ResourceHttpRequestHandler]
2019-06-18 17:39:59.648  INFO 56958 --- [main] o.s.b.a.e.mvc.EndpointHandlerMapping     : Mapped "{[/features || /features.json],methods=[GET],produces=[application/vnd.spring-boot.actuator.v1+json || application/json]}" onto public java.lang.Object org.springframework.boot.actuate.endpoint.mvc.EndpointMvcAdapter.invoke()
2019-06-18 17:39:59.648  INFO 56958 --- [main] o.s.b.a.e.mvc.EndpointHandlerMapping     : Mapped "{[/trace || /trace.json],methods=[GET],produces=[application/vnd.spring-boot.actuator.v1+json || application/json]}" onto public java.lang.Object org.springframework.boot.actuate.endpoint.mvc.EndpointMvcAdapter.invoke()
2019-06-18 17:39:59.649  INFO 56958 --- [main] o.s.b.a.e.mvc.EndpointHandlerMapping     : Mapped "{[/service-registry/instance-status],methods=[GET]}" onto public org.springframework.http.ResponseEntity org.springframework.cloud.client.serviceregistry.endpoint.ServiceRegistryEndpoint.getStatus()
2019-06-18 17:39:59.649  INFO 56958 --- [main] o.s.b.a.e.mvc.EndpointHandlerMapping     : Mapped "{[/service-registry/instance-status],methods=[POST]}" onto public org.springframework.http.ResponseEntity<?> org.springframework.cloud.client.serviceregistry.endpoint.ServiceRegistryEndpoint.setStatus(java.lang.String)
2019-06-18 17:39:59.650  INFO 56958 --- [main] o.s.b.a.e.mvc.EndpointHandlerMapping     : Mapped "{[/metrics/{name:.*}],methods=[GET],produces=[application/vnd.spring-boot.actuator.v1+json || application/json]}" onto public java.lang.Object org.springframework.boot.actuate.endpoint.mvc.MetricsMvcEndpoint.value(java.lang.String)
2019-06-18 17:39:59.650  INFO 56958 --- [main] o.s.b.a.e.mvc.EndpointHandlerMapping     : Mapped "{[/metrics || /metrics.json],methods=[GET],produces=[application/vnd.spring-boot.actuator.v1+json || application/json]}" onto public java.lang.Object org.springframework.boot.actuate.endpoint.mvc.EndpointMvcAdapter.invoke()
2019-06-18 17:39:59.650  INFO 56958 --- [main] o.s.b.a.e.mvc.EndpointHandlerMapping     : Mapped "{[/refresh || /refresh.json],methods=[POST]}" onto public java.lang.Object org.springframework.cloud.endpoint.GenericPostableMvcEndpoint.invoke()
2019-06-18 17:39:59.652  INFO 56958 --- [main] o.s.b.a.e.mvc.EndpointHandlerMapping     : Mapped "{[/shutdown || /shutdown.json],methods=[POST],produces=[application/vnd.spring-boot.actuator.v1+json || application/json]}" onto public java.lang.Object org.springframework.boot.actuate.endpoint.mvc.ShutdownMvcEndpoint.invoke()
2019-06-18 17:39:59.652  INFO 56958 --- [main] o.s.b.a.e.mvc.EndpointHandlerMapping     : Mapped "{[/env],methods=[POST]}" onto public java.lang.Object org.springframework.cloud.context.environment.EnvironmentManagerMvcEndpoint.value(java.util.Map<java.lang.String, java.lang.String>)
2019-06-18 17:39:59.652  INFO 56958 --- [main] o.s.b.a.e.mvc.EndpointHandlerMapping     : Mapped "{[/env/reset],methods=[POST]}" onto public java.util.Map<java.lang.String, java.lang.Object> org.springframework.cloud.context.environment.EnvironmentManagerMvcEndpoint.reset()
2019-06-18 17:39:59.654  INFO 56958 --- [main] o.s.b.a.e.mvc.EndpointHandlerMapping     : Mapped "{[/resume || /resume.json],methods=[POST]}" onto public java.lang.Object org.springframework.cloud.endpoint.GenericPostableMvcEndpoint.invoke()
2019-06-18 17:39:59.654  INFO 56958 --- [main] o.s.b.a.e.mvc.EndpointHandlerMapping     : Mapped "{[/logfile || /logfile.json],methods=[GET || HEAD]}" onto public void org.springframework.boot.actuate.endpoint.mvc.LogFileMvcEndpoint.invoke(javax.servlet.http.HttpServletRequest,javax.servlet.http.HttpServletResponse) throws javax.servlet.ServletException,java.io.IOException
2019-06-18 17:39:59.655  INFO 56958 --- [main] o.s.b.a.e.mvc.EndpointHandlerMapping     : Mapped "{[/info || /info.json],methods=[GET],produces=[application/vnd.spring-boot.actuator.v1+json || application/json]}" onto public java.lang.Object org.springframework.boot.actuate.endpoint.mvc.EndpointMvcAdapter.invoke()
2019-06-18 17:39:59.656  INFO 56958 --- [main] o.s.b.a.e.mvc.EndpointHandlerMapping     : Mapped "{[/loggers/{name:.*}],methods=[GET],produces=[application/vnd.spring-boot.actuator.v1+json || application/json]}" onto public java.lang.Object org.springframework.boot.actuate.endpoint.mvc.LoggersMvcEndpoint.get(java.lang.String)
2019-06-18 17:39:59.656  INFO 56958 --- [main] o.s.b.a.e.mvc.EndpointHandlerMapping     : Mapped "{[/loggers/{name:.*}],methods=[POST],consumes=[application/vnd.spring-boot.actuator.v1+json || application/json],produces=[application/vnd.spring-boot.actuator.v1+json || application/json]}" onto public java.lang.Object org.springframework.boot.actuate.endpoint.mvc.LoggersMvcEndpoint.set(java.lang.String,java.util.Map<java.lang.String, java.lang.String>)
2019-06-18 17:39:59.657  INFO 56958 --- [main] o.s.b.a.e.mvc.EndpointHandlerMapping     : Mapped "{[/loggers || /loggers.json],methods=[GET],produces=[application/vnd.spring-boot.actuator.v1+json || application/json]}" onto public java.lang.Object org.springframework.boot.actuate.endpoint.mvc.EndpointMvcAdapter.invoke()
2019-06-18 17:39:59.657  INFO 56958 --- [main] o.s.b.a.e.mvc.EndpointHandlerMapping     : Mapped "{[/env/{name:.*}],methods=[GET],produces=[application/vnd.spring-boot.actuator.v1+json || application/json]}" onto public java.lang.Object org.springframework.boot.actuate.endpoint.mvc.EnvironmentMvcEndpoint.value(java.lang.String)
2019-06-18 17:39:59.658  INFO 56958 --- [main] o.s.b.a.e.mvc.EndpointHandlerMapping     : Mapped "{[/env || /env.json],methods=[GET],produces=[application/vnd.spring-boot.actuator.v1+json || application/json]}" onto public java.lang.Object org.springframework.boot.actuate.endpoint.mvc.EndpointMvcAdapter.invoke()
2019-06-18 17:39:59.658  INFO 56958 --- [main] o.s.b.a.e.mvc.EndpointHandlerMapping     : Mapped "{[/restart || /restart.json],methods=[POST]}" onto public java.lang.Object org.springframework.cloud.context.restart.RestartMvcEndpoint.invoke()
2019-06-18 17:39:59.658  INFO 56958 --- [main] o.s.b.a.e.mvc.EndpointHandlerMapping     : Mapped "{[/archaius || /archaius.json],methods=[GET],produces=[application/vnd.spring-boot.actuator.v1+json || application/json]}" onto public java.lang.Object org.springframework.boot.actuate.endpoint.mvc.EndpointMvcAdapter.invoke()
2019-06-18 17:39:59.659  INFO 56958 --- [main] o.s.b.a.e.mvc.EndpointHandlerMapping     : Mapped "{[/dump || /dump.json],methods=[GET],produces=[application/vnd.spring-boot.actuator.v1+json || application/json]}" onto public java.lang.Object org.springframework.boot.actuate.endpoint.mvc.EndpointMvcAdapter.invoke()
2019-06-18 17:39:59.659  INFO 56958 --- [main] o.s.b.a.e.mvc.EndpointHandlerMapping     : Mapped "{[/jolokia/**]}" onto public org.springframework.web.servlet.ModelAndView org.springframework.boot.actuate.endpoint.mvc.JolokiaMvcEndpoint.handle(javax.servlet.http.HttpServletRequest,javax.servlet.http.HttpServletResponse) throws java.lang.Exception
2019-06-18 17:39:59.660  INFO 56958 --- [main] o.s.b.a.e.mvc.EndpointHandlerMapping     : Mapped "{[/health || /health.json],methods=[GET],produces=[application/vnd.spring-boot.actuator.v1+json || application/json]}" onto public java.lang.Object org.springframework.boot.actuate.endpoint.mvc.HealthMvcEndpoint.invoke(javax.servlet.http.HttpServletRequest,java.security.Principal)
2019-06-18 17:39:59.660  INFO 56958 --- [main] o.s.b.a.e.mvc.EndpointHandlerMapping     : Mapped "{[/mappings || /mappings.json],methods=[GET],produces=[application/vnd.spring-boot.actuator.v1+json || application/json]}" onto public java.lang.Object org.springframework.boot.actuate.endpoint.mvc.EndpointMvcAdapter.invoke()
2019-06-18 17:39:59.661  INFO 56958 --- [main] o.s.b.a.e.mvc.EndpointHandlerMapping     : Mapped "{[/heapdump || /heapdump.json],methods=[GET],produces=[application/octet-stream]}" onto public void org.springframework.boot.actuate.endpoint.mvc.HeapdumpMvcEndpoint.invoke(boolean,javax.servlet.http.HttpServletRequest,javax.servlet.http.HttpServletResponse) throws java.io.IOException,javax.servlet.ServletException
2019-06-18 17:39:59.662  INFO 56958 --- [main] o.s.b.a.e.mvc.EndpointHandlerMapping     : Mapped "{[/auditevents || /auditevents.json],methods=[GET],produces=[application/vnd.spring-boot.actuator.v1+json || application/json]}" onto public org.springframework.http.ResponseEntity<?> org.springframework.boot.actuate.endpoint.mvc.AuditEventsMvcEndpoint.findByPrincipalAndAfterAndType(java.lang.String,java.util.Date,java.lang.String)
2019-06-18 17:39:59.662  INFO 56958 --- [main] o.s.b.a.e.mvc.EndpointHandlerMapping     : Mapped "{[/configprops || /configprops.json],methods=[GET],produces=[application/vnd.spring-boot.actuator.v1+json || application/json]}" onto public java.lang.Object org.springframework.boot.actuate.endpoint.mvc.EndpointMvcAdapter.invoke()
2019-06-18 17:39:59.662  INFO 56958 --- [main] o.s.b.a.e.mvc.EndpointHandlerMapping     : Mapped "{[/autoconfig || /autoconfig.json],methods=[GET],produces=[application/vnd.spring-boot.actuator.v1+json || application/json]}" onto public java.lang.Object org.springframework.boot.actuate.endpoint.mvc.EndpointMvcAdapter.invoke()
2019-06-18 17:39:59.663  INFO 56958 --- [main] o.s.b.a.e.mvc.EndpointHandlerMapping     : Mapped "{[/pause || /pause.json],methods=[POST]}" onto public java.lang.Object org.springframework.cloud.endpoint.GenericPostableMvcEndpoint.invoke()
2019-06-18 17:39:59.663  INFO 56958 --- [main] o.s.b.a.e.mvc.EndpointHandlerMapping     : Mapped "{[/beans || /beans.json],methods=[GET],produces=[application/vnd.spring-boot.actuator.v1+json || application/json]}" onto public java.lang.Object org.springframework.boot.actuate.endpoint.mvc.EndpointMvcAdapter.invoke()
2019-06-18 17:39:59.797  INFO 56958 --- [main] o.s.j.e.a.AnnotationMBeanExporter        : Registering beans for JMX exposure on startup
2019-06-18 17:39:59.804  INFO 56958 --- [main] o.s.j.e.a.AnnotationMBeanExporter        : Bean with name 'environmentManager' has been autodetected for JMX exposure
2019-06-18 17:39:59.806  INFO 56958 --- [main] o.s.j.e.a.AnnotationMBeanExporter        : Bean with name 'configurationPropertiesRebinder' has been autodetected for JMX exposure
2019-06-18 17:39:59.807  INFO 56958 --- [main] o.s.j.e.a.AnnotationMBeanExporter        : Bean with name 'refreshEndpoint' has been autodetected for JMX exposure
2019-06-18 17:39:59.807  INFO 56958 --- [main] o.s.j.e.a.AnnotationMBeanExporter        : Bean with name 'restartEndpoint' has been autodetected for JMX exposure
2019-06-18 17:39:59.808  INFO 56958 --- [main] o.s.j.e.a.AnnotationMBeanExporter        : Bean with name 'serviceRegistryEndpoint' has been autodetected for JMX exposure
2019-06-18 17:39:59.809  INFO 56958 --- [main] o.s.j.e.a.AnnotationMBeanExporter        : Bean with name 'refreshScope' has been autodetected for JMX exposure
2019-06-18 17:39:59.810  INFO 56958 --- [main] o.s.j.e.a.AnnotationMBeanExporter        : Located managed bean 'environmentManager': registering with JMX server as MBean [org.springframework.cloud.context.environment:name=environmentManager,type=EnvironmentManager]
2019-06-18 17:39:59.821  INFO 56958 --- [main] o.s.j.e.a.AnnotationMBeanExporter        : Located managed bean 'restartEndpoint': registering with JMX server as MBean [org.springframework.cloud.context.restart:name=restartEndpoint,type=RestartEndpoint]
2019-06-18 17:39:59.828  INFO 56958 --- [main] o.s.j.e.a.AnnotationMBeanExporter        : Located managed bean 'serviceRegistryEndpoint': registering with JMX server as MBean [org.springframework.cloud.client.serviceregistry.endpoint:name=serviceRegistryEndpoint,type=ServiceRegistryEndpoint]
2019-06-18 17:39:59.834  INFO 56958 --- [main] o.s.j.e.a.AnnotationMBeanExporter        : Located managed bean 'refreshScope': registering with JMX server as MBean [org.springframework.cloud.context.scope.refresh:name=refreshScope,type=RefreshScope]
2019-06-18 17:39:59.841  INFO 56958 --- [main] o.s.j.e.a.AnnotationMBeanExporter        : Located managed bean 'configurationPropertiesRebinder': registering with JMX server as MBean [org.springframework.cloud.context.properties:name=configurationPropertiesRebinder,context=7efaad5a,type=ConfigurationPropertiesRebinder]
2019-06-18 17:39:59.845  INFO 56958 --- [main] o.s.j.e.a.AnnotationMBeanExporter        : Located managed bean 'refreshEndpoint': registering with JMX server as MBean [org.springframework.cloud.endpoint:name=refreshEndpoint,type=RefreshEndpoint]
2019-06-18 17:39:59.949  INFO 56958 --- [main] o.a.c.c.C.[Tomcat].[localhost].[/]       : jolokia: No access restrictor found, access to any MBean is allowed
2019-06-18 17:39:59.953  INFO 56958 --- [main] o.a.c.c.C.[Tomcat].[localhost].[/]       : jolokia: jolokia:type=Config is already registered. Adding it with jolokia:type=Config,uuid=931560de-4778-4108-a5d2-0df72e3fbf49, but you should revise your setup in order to either use a qualifier or ensure, that only a single agent gets registered (otherwise history functionality might not work)
2019-06-18 17:39:59.953  INFO 56958 --- [main] o.a.c.c.C.[Tomcat].[localhost].[/]       : jolokia: Cannot register (legacy) MBean handler for config store with name jmx4perl:type=Config since it already exists. This is the case if another agent has been already started within the same JVM. The registration is skipped.
2019-06-18 17:39:59.953  INFO 56958 --- [main] o.a.c.c.C.[Tomcat].[localhost].[/]       : jolokia: Jolokia Discovery MBean registration is skipped because there is already one registered.
2019-06-18 17:39:59.992  INFO 56958 --- [main] o.s.c.support.DefaultLifecycleProcessor  : Starting beans in phase 0
2019-06-18 17:40:00.084  INFO 56958 --- [main] s.b.c.e.t.TomcatEmbeddedServletContainer : Tomcat started on port(s): 51777 (http)
2019-06-18 17:40:00.085  INFO 56958 --- [main] .s.c.n.e.s.EurekaAutoServiceRegistration : Updating port to 51777
2019-06-18 17:40:00.090  INFO 56958 --- [main] o.s.c.n.eureka.InstanceInfoFactory       : Setting initial instance status as: STARTING
2019-06-18 17:40:00.117  INFO 56958 --- [main] com.netflix.discovery.DiscoveryClient    : Initializing Eureka in region us-east-1
2019-06-18 17:40:00.245  INFO 56958 --- [main] c.n.d.provider.DiscoveryJerseyProvider   : Using JSON encoding codec LegacyJacksonJson
2019-06-18 17:40:00.245  INFO 56958 --- [main] c.n.d.provider.DiscoveryJerseyProvider   : Using JSON decoding codec LegacyJacksonJson
2019-06-18 17:40:00.410  INFO 56958 --- [main] c.n.d.provider.DiscoveryJerseyProvider   : Using XML encoding codec XStreamXml
2019-06-18 17:40:00.411  INFO 56958 --- [main] c.n.d.provider.DiscoveryJerseyProvider   : Using XML decoding codec XStreamXml
2019-06-18 17:40:00.595  INFO 56958 --- [main] c.n.d.s.r.aws.ConfigClusterResolver      : Resolving eureka endpoints via configuration
2019-06-18 17:40:00.609  INFO 56958 --- [main] com.netflix.discovery.DiscoveryClient    : Disable delta property : false
2019-06-18 17:40:00.610  INFO 56958 --- [main] com.netflix.discovery.DiscoveryClient    : Single vip registry refresh property : null
2019-06-18 17:40:00.610  INFO 56958 --- [main] com.netflix.discovery.DiscoveryClient    : Force full registry fetch : false
2019-06-18 17:40:00.610  INFO 56958 --- [main] com.netflix.discovery.DiscoveryClient    : Application is null : false
2019-06-18 17:40:00.610  INFO 56958 --- [main] com.netflix.discovery.DiscoveryClient    : Registered Applications size is zero : true
2019-06-18 17:40:00.610  INFO 56958 --- [main] com.netflix.discovery.DiscoveryClient    : Application version is -1: true
2019-06-18 17:40:00.610  INFO 56958 --- [main] com.netflix.discovery.DiscoveryClient    : Getting all instance registry info from the eureka server
2019-06-18 17:40:00.737  INFO 56958 --- [main] com.netflix.discovery.DiscoveryClient    : The response status is 200
2019-06-18 17:40:00.739  INFO 56958 --- [main] com.netflix.discovery.DiscoveryClient    : Starting heartbeat executor: renew interval is: 30
2019-06-18 17:40:00.741  INFO 56958 --- [main] c.n.discovery.InstanceInfoReplicator     : InstanceInfoReplicator onDemand update allowed rate per min is 4
2019-06-18 17:40:00.743  INFO 56958 --- [main] com.netflix.discovery.DiscoveryClient    : Discovery Client initialized at timestamp 1560850800743 with initial instances count: 8
2019-06-18 17:40:00.761  INFO 56958 --- [main] o.s.c.n.e.s.EurekaServiceRegistry        : Registering application basic-application with eureka with status UP
2019-06-18 17:40:00.761  INFO 56958 --- [main] com.netflix.discovery.DiscoveryClient    : Saw local status change event StatusChangeEvent [timestamp=1560850800761, current=UP, previous=STARTING]
2019-06-18 17:40:00.763  INFO 56958 --- [DiscoveryClient-InstanceInfoReplicator-0] com.netflix.discovery.DiscoveryClient    : DiscoveryClient_BASIC-APPLICATION/basic-application:-1002934356: registering service...
2019-06-18 17:40:00.771  INFO 56958 --- [main] com.anhe.BasicApplication                : Started BasicApplication in 4.769 seconds (JVM running for 5.667)
2019-06-18 17:40:00.796  INFO 56958 --- [DiscoveryClient-InstanceInfoReplicator-0] com.netflix.discovery.DiscoveryClient    : DiscoveryClient_BASIC-APPLICATION/basic-application:-1002934356 - registration status: 204
2019-06-18 17:40:12.490  INFO 56958 --- [http-nio-auto-1-exec-1] o.a.c.c.C.[Tomcat].[localhost].[/]       : Initializing Spring FrameworkServlet 'dispatcherServlet'
2019-06-18 17:40:12.491  INFO 56958 --- [http-nio-auto-1-exec-1] o.s.web.servlet.DispatcherServlet        : FrameworkServlet 'dispatcherServlet': initialization started
2019-06-18 17:40:12.509  INFO 56958 --- [http-nio-auto-1-exec-1] o.s.web.servlet.DispatcherServlet        : FrameworkServlet 'dispatcherServlet': initialization completed in 18 ms
2019-06-18 17:40:12.535  INFO 56958 --- [http-nio-auto-1-exec-1] com.anhe.controller.TestController       : "http://192.168.1.60:13009"
2019-06-18 17:40:12.536  INFO 56958 --- [http-nio-auto-1-exec-1] com.anhe.controller.TestController       : "192.168.1.60"
2019-06-18 17:40:12.536  INFO 56958 --- [http-nio-auto-1-exec-1] com.anhe.controller.TestController       : 13009
2019-06-18 17:40:12.538  INFO 56958 --- [http-nio-auto-1-exec-1] com.anhe.controller.TestController       : {}
2019-06-18 17:40:12.538  INFO 56958 --- [http-nio-auto-1-exec-1] com.anhe.controller.TestController       : "http://192.168.1.60:15555"
2019-06-18 17:40:12.538  INFO 56958 --- [http-nio-auto-1-exec-1] com.anhe.controller.TestController       : "192.168.1.60"
2019-06-18 17:40:12.538  INFO 56958 --- [http-nio-auto-1-exec-1] com.anhe.controller.TestController       : 15555
2019-06-18 17:40:12.538  INFO 56958 --- [http-nio-auto-1-exec-1] com.anhe.controller.TestController       : {}
2019-06-18 17:40:12.538  INFO 56958 --- [http-nio-auto-1-exec-1] com.anhe.controller.TestController       : "http://albert-tang:51233"
2019-06-18 17:40:12.538  INFO 56958 --- [http-nio-auto-1-exec-1] com.anhe.controller.TestController       : "albert-tang"
2019-06-18 17:40:12.538  INFO 56958 --- [http-nio-auto-1-exec-1] com.anhe.controller.TestController       : 51233
2019-06-18 17:40:12.538  INFO 56958 --- [http-nio-auto-1-exec-1] com.anhe.controller.TestController       : {}
2019-06-18 17:40:12.539  INFO 56958 --- [http-nio-auto-1-exec-1] com.anhe.controller.TestController       : "http://192.168.11.56:60741"
2019-06-18 17:40:12.539  INFO 56958 --- [http-nio-auto-1-exec-1] com.anhe.controller.TestController       : "192.168.11.56"
2019-06-18 17:40:12.539  INFO 56958 --- [http-nio-auto-1-exec-1] com.anhe.controller.TestController       : 60741
2019-06-18 17:40:12.539  INFO 56958 --- [http-nio-auto-1-exec-1] com.anhe.controller.TestController       : {}
2019-06-18 17:40:12.539  INFO 56958 --- [http-nio-auto-1-exec-1] com.anhe.controller.TestController       : "http://192.168.11.56:60183"
2019-06-18 17:40:12.539  INFO 56958 --- [http-nio-auto-1-exec-1] com.anhe.controller.TestController       : "192.168.11.56"
2019-06-18 17:40:12.539  INFO 56958 --- [http-nio-auto-1-exec-1] com.anhe.controller.TestController       : 60183
2019-06-18 17:40:12.539  INFO 56958 --- [http-nio-auto-1-exec-1] com.anhe.controller.TestController       : {}
2019-06-18 17:40:12.539  INFO 56958 --- [http-nio-auto-1-exec-1] com.anhe.controller.TestController       : "http://peer1:13111"
2019-06-18 17:40:12.539  INFO 56958 --- [http-nio-auto-1-exec-1] com.anhe.controller.TestController       : "peer1"
2019-06-18 17:40:12.539  INFO 56958 --- [http-nio-auto-1-exec-1] com.anhe.controller.TestController       : 13111
2019-06-18 17:40:12.539  INFO 56958 --- [http-nio-auto-1-exec-1] com.anhe.controller.TestController       : {}
2019-06-18 17:40:12.539  INFO 56958 --- [http-nio-auto-1-exec-1] com.anhe.controller.TestController       : "http://peer2:13112"
2019-06-18 17:40:12.539  INFO 56958 --- [http-nio-auto-1-exec-1] com.anhe.controller.TestController       : "peer2"
2019-06-18 17:40:12.539  INFO 56958 --- [http-nio-auto-1-exec-1] com.anhe.controller.TestController       : 13112
2019-06-18 17:40:12.539  INFO 56958 --- [http-nio-auto-1-exec-1] com.anhe.controller.TestController       : {}
2019-06-18 17:40:12.540  INFO 56958 --- [http-nio-auto-1-exec-1] com.anhe.controller.TestController       : "http://192.168.1.60:13008"
2019-06-18 17:40:12.540  INFO 56958 --- [http-nio-auto-1-exec-1] com.anhe.controller.TestController       : "192.168.1.60"
2019-06-18 17:40:12.540  INFO 56958 --- [http-nio-auto-1-exec-1] com.anhe.controller.TestController       : 13008
2019-06-18 17:40:12.540  INFO 56958 --- [http-nio-auto-1-exec-1] com.anhe.controller.TestController       : {}
2019-06-18 17:40:12.540  INFO 56958 --- [http-nio-auto-1-exec-1] com.anhe.controller.TestController       : registration#getServiceId basic-application
2019-06-18 17:40:12.540  INFO 56958 --- [http-nio-auto-1-exec-1] com.anhe.controller.TestController       : host: albert-tang port: 0, service_id: basic-application
2019-06-18 17:40:19.697  INFO 56958 --- [http-nio-auto-1-exec-3] com.anhe.controller.TestController       : "http://192.168.1.60:13009"
2019-06-18 17:40:19.697  INFO 56958 --- [http-nio-auto-1-exec-3] com.anhe.controller.TestController       : "192.168.1.60"
2019-06-18 17:40:19.697  INFO 56958 --- [http-nio-auto-1-exec-3] com.anhe.controller.TestController       : 13009
2019-06-18 17:40:19.697  INFO 56958 --- [http-nio-auto-1-exec-3] com.anhe.controller.TestController       : {}
2019-06-18 17:40:19.697  INFO 56958 --- [http-nio-auto-1-exec-3] com.anhe.controller.TestController       : "http://192.168.1.60:15555"
2019-06-18 17:40:19.697  INFO 56958 --- [http-nio-auto-1-exec-3] com.anhe.controller.TestController       : "192.168.1.60"
2019-06-18 17:40:19.697  INFO 56958 --- [http-nio-auto-1-exec-3] com.anhe.controller.TestController       : 15555
2019-06-18 17:40:19.697  INFO 56958 --- [http-nio-auto-1-exec-3] com.anhe.controller.TestController       : {}
2019-06-18 17:40:19.697  INFO 56958 --- [http-nio-auto-1-exec-3] com.anhe.controller.TestController       : "http://albert-tang:51233"
2019-06-18 17:40:19.698  INFO 56958 --- [http-nio-auto-1-exec-3] com.anhe.controller.TestController       : "albert-tang"
2019-06-18 17:40:19.698  INFO 56958 --- [http-nio-auto-1-exec-3] com.anhe.controller.TestController       : 51233
2019-06-18 17:40:19.698  INFO 56958 --- [http-nio-auto-1-exec-3] com.anhe.controller.TestController       : {}
2019-06-18 17:40:19.698  INFO 56958 --- [http-nio-auto-1-exec-3] com.anhe.controller.TestController       : "http://192.168.11.56:60741"
2019-06-18 17:40:19.698  INFO 56958 --- [http-nio-auto-1-exec-3] com.anhe.controller.TestController       : "192.168.11.56"
2019-06-18 17:40:19.698  INFO 56958 --- [http-nio-auto-1-exec-3] com.anhe.controller.TestController       : 60741
2019-06-18 17:40:19.698  INFO 56958 --- [http-nio-auto-1-exec-3] com.anhe.controller.TestController       : {}
2019-06-18 17:40:19.698  INFO 56958 --- [http-nio-auto-1-exec-3] com.anhe.controller.TestController       : "http://192.168.11.56:60183"
2019-06-18 17:40:19.698  INFO 56958 --- [http-nio-auto-1-exec-3] com.anhe.controller.TestController       : "192.168.11.56"
2019-06-18 17:40:19.698  INFO 56958 --- [http-nio-auto-1-exec-3] com.anhe.controller.TestController       : 60183
2019-06-18 17:40:19.698  INFO 56958 --- [http-nio-auto-1-exec-3] com.anhe.controller.TestController       : {}
2019-06-18 17:40:19.698  INFO 56958 --- [http-nio-auto-1-exec-3] com.anhe.controller.TestController       : "http://peer1:13111"
2019-06-18 17:40:19.698  INFO 56958 --- [http-nio-auto-1-exec-3] com.anhe.controller.TestController       : "peer1"
2019-06-18 17:40:19.698  INFO 56958 --- [http-nio-auto-1-exec-3] com.anhe.controller.TestController       : 13111
2019-06-18 17:40:19.698  INFO 56958 --- [http-nio-auto-1-exec-3] com.anhe.controller.TestController       : {}
2019-06-18 17:40:19.698  INFO 56958 --- [http-nio-auto-1-exec-3] com.anhe.controller.TestController       : "http://peer2:13112"
2019-06-18 17:40:19.699  INFO 56958 --- [http-nio-auto-1-exec-3] com.anhe.controller.TestController       : "peer2"
2019-06-18 17:40:19.699  INFO 56958 --- [http-nio-auto-1-exec-3] com.anhe.controller.TestController       : 13112
2019-06-18 17:40:19.699  INFO 56958 --- [http-nio-auto-1-exec-3] com.anhe.controller.TestController       : {}
2019-06-18 17:40:19.699  INFO 56958 --- [http-nio-auto-1-exec-3] com.anhe.controller.TestController       : "http://192.168.1.60:13008"
2019-06-18 17:40:19.699  INFO 56958 --- [http-nio-auto-1-exec-3] com.anhe.controller.TestController       : "192.168.1.60"
2019-06-18 17:40:19.699  INFO 56958 --- [http-nio-auto-1-exec-3] com.anhe.controller.TestController       : 13008
2019-06-18 17:40:19.699  INFO 56958 --- [http-nio-auto-1-exec-3] com.anhe.controller.TestController       : {}
2019-06-18 17:40:19.699  INFO 56958 --- [http-nio-auto-1-exec-3] com.anhe.controller.TestController       : registration#getServiceId basic-application
2019-06-18 17:40:19.699  INFO 56958 --- [http-nio-auto-1-exec-3] com.anhe.controller.TestController       : host: albert-tang port: 0, service_id: basic-application
2019-06-18 17:40:20.352  INFO 56958 --- [http-nio-auto-1-exec-5] com.anhe.controller.TestController       : "http://192.168.1.60:13009"
2019-06-18 17:40:20.352  INFO 56958 --- [http-nio-auto-1-exec-5] com.anhe.controller.TestController       : "192.168.1.60"
2019-06-18 17:40:20.352  INFO 56958 --- [http-nio-auto-1-exec-5] com.anhe.controller.TestController       : 13009
2019-06-18 17:40:20.352  INFO 56958 --- [http-nio-auto-1-exec-5] com.anhe.controller.TestController       : {}
2019-06-18 17:40:20.352  INFO 56958 --- [http-nio-auto-1-exec-5] com.anhe.controller.TestController       : "http://192.168.1.60:15555"
2019-06-18 17:40:20.352  INFO 56958 --- [http-nio-auto-1-exec-5] com.anhe.controller.TestController       : "192.168.1.60"
2019-06-18 17:40:20.352  INFO 56958 --- [http-nio-auto-1-exec-5] com.anhe.controller.TestController       : 15555
2019-06-18 17:40:20.352  INFO 56958 --- [http-nio-auto-1-exec-5] com.anhe.controller.TestController       : {}
2019-06-18 17:40:20.353  INFO 56958 --- [http-nio-auto-1-exec-5] com.anhe.controller.TestController       : "http://albert-tang:51233"
2019-06-18 17:40:20.353  INFO 56958 --- [http-nio-auto-1-exec-5] com.anhe.controller.TestController       : "albert-tang"
2019-06-18 17:40:20.353  INFO 56958 --- [http-nio-auto-1-exec-5] com.anhe.controller.TestController       : 51233
2019-06-18 17:40:20.353  INFO 56958 --- [http-nio-auto-1-exec-5] com.anhe.controller.TestController       : {}
2019-06-18 17:40:20.353  INFO 56958 --- [http-nio-auto-1-exec-5] com.anhe.controller.TestController       : "http://192.168.11.56:60741"
2019-06-18 17:40:20.353  INFO 56958 --- [http-nio-auto-1-exec-5] com.anhe.controller.TestController       : "192.168.11.56"
2019-06-18 17:40:20.353  INFO 56958 --- [http-nio-auto-1-exec-5] com.anhe.controller.TestController       : 60741
2019-06-18 17:40:20.353  INFO 56958 --- [http-nio-auto-1-exec-5] com.anhe.controller.TestController       : {}
2019-06-18 17:40:20.353  INFO 56958 --- [http-nio-auto-1-exec-5] com.anhe.controller.TestController       : "http://192.168.11.56:60183"
2019-06-18 17:40:20.354  INFO 56958 --- [http-nio-auto-1-exec-5] com.anhe.controller.TestController       : "192.168.11.56"
2019-06-18 17:40:20.354  INFO 56958 --- [http-nio-auto-1-exec-5] com.anhe.controller.TestController       : 60183
2019-06-18 17:40:20.354  INFO 56958 --- [http-nio-auto-1-exec-5] com.anhe.controller.TestController       : {}
2019-06-18 17:40:20.354  INFO 56958 --- [http-nio-auto-1-exec-5] com.anhe.controller.TestController       : "http://peer1:13111"
2019-06-18 17:40:20.354  INFO 56958 --- [http-nio-auto-1-exec-5] com.anhe.controller.TestController       : "peer1"
2019-06-18 17:40:20.354  INFO 56958 --- [http-nio-auto-1-exec-5] com.anhe.controller.TestController       : 13111
2019-06-18 17:40:20.354  INFO 56958 --- [http-nio-auto-1-exec-5] com.anhe.controller.TestController       : {}
2019-06-18 17:40:20.354  INFO 56958 --- [http-nio-auto-1-exec-5] com.anhe.controller.TestController       : "http://peer2:13112"
2019-06-18 17:40:20.354  INFO 56958 --- [http-nio-auto-1-exec-5] com.anhe.controller.TestController       : "peer2"
2019-06-18 17:40:20.354  INFO 56958 --- [http-nio-auto-1-exec-5] com.anhe.controller.TestController       : 13112
2019-06-18 17:40:20.354  INFO 56958 --- [http-nio-auto-1-exec-5] com.anhe.controller.TestController       : {}
2019-06-18 17:40:20.355  INFO 56958 --- [http-nio-auto-1-exec-5] com.anhe.controller.TestController       : "http://192.168.1.60:13008"
2019-06-18 17:40:20.355  INFO 56958 --- [http-nio-auto-1-exec-5] com.anhe.controller.TestController       : "192.168.1.60"
2019-06-18 17:40:20.355  INFO 56958 --- [http-nio-auto-1-exec-5] com.anhe.controller.TestController       : 13008
2019-06-18 17:40:20.355  INFO 56958 --- [http-nio-auto-1-exec-5] com.anhe.controller.TestController       : {}
2019-06-18 17:40:20.355  INFO 56958 --- [http-nio-auto-1-exec-5] com.anhe.controller.TestController       : registration#getServiceId basic-application
2019-06-18 17:40:20.355  INFO 56958 --- [http-nio-auto-1-exec-5] com.anhe.controller.TestController       : host: albert-tang port: 0, service_id: basic-application
2019-06-18 17:40:20.534  INFO 56958 --- [http-nio-auto-1-exec-7] com.anhe.controller.TestController       : "http://192.168.1.60:13009"
2019-06-18 17:40:20.534  INFO 56958 --- [http-nio-auto-1-exec-7] com.anhe.controller.TestController       : "192.168.1.60"
2019-06-18 17:40:20.534  INFO 56958 --- [http-nio-auto-1-exec-7] com.anhe.controller.TestController       : 13009
2019-06-18 17:40:20.534  INFO 56958 --- [http-nio-auto-1-exec-7] com.anhe.controller.TestController       : {}
2019-06-18 17:40:20.534  INFO 56958 --- [http-nio-auto-1-exec-7] com.anhe.controller.TestController       : "http://192.168.1.60:15555"
2019-06-18 17:40:20.534  INFO 56958 --- [http-nio-auto-1-exec-7] com.anhe.controller.TestController       : "192.168.1.60"
2019-06-18 17:40:20.534  INFO 56958 --- [http-nio-auto-1-exec-7] com.anhe.controller.TestController       : 15555
2019-06-18 17:40:20.534  INFO 56958 --- [http-nio-auto-1-exec-7] com.anhe.controller.TestController       : {}
2019-06-18 17:40:20.534  INFO 56958 --- [http-nio-auto-1-exec-7] com.anhe.controller.TestController       : "http://albert-tang:51233"
2019-06-18 17:40:20.535  INFO 56958 --- [http-nio-auto-1-exec-7] com.anhe.controller.TestController       : "albert-tang"
2019-06-18 17:40:20.535  INFO 56958 --- [http-nio-auto-1-exec-7] com.anhe.controller.TestController       : 51233
2019-06-18 17:40:20.535  INFO 56958 --- [http-nio-auto-1-exec-7] com.anhe.controller.TestController       : {}
2019-06-18 17:40:20.535  INFO 56958 --- [http-nio-auto-1-exec-7] com.anhe.controller.TestController       : "http://192.168.11.56:60741"
2019-06-18 17:40:20.535  INFO 56958 --- [http-nio-auto-1-exec-7] com.anhe.controller.TestController       : "192.168.11.56"
2019-06-18 17:40:20.535  INFO 56958 --- [http-nio-auto-1-exec-7] com.anhe.controller.TestController       : 60741
2019-06-18 17:40:20.535  INFO 56958 --- [http-nio-auto-1-exec-7] com.anhe.controller.TestController       : {}
2019-06-18 17:40:20.535  INFO 56958 --- [http-nio-auto-1-exec-7] com.anhe.controller.TestController       : "http://192.168.11.56:60183"
2019-06-18 17:40:20.535  INFO 56958 --- [http-nio-auto-1-exec-7] com.anhe.controller.TestController       : "192.168.11.56"
2019-06-18 17:40:20.535  INFO 56958 --- [http-nio-auto-1-exec-7] com.anhe.controller.TestController       : 60183
2019-06-18 17:40:20.535  INFO 56958 --- [http-nio-auto-1-exec-7] com.anhe.controller.TestController       : {}
2019-06-18 17:40:20.535  INFO 56958 --- [http-nio-auto-1-exec-7] com.anhe.controller.TestController       : "http://peer1:13111"
2019-06-18 17:40:20.535  INFO 56958 --- [http-nio-auto-1-exec-7] com.anhe.controller.TestController       : "peer1"
2019-06-18 17:40:20.535  INFO 56958 --- [http-nio-auto-1-exec-7] com.anhe.controller.TestController       : 13111
2019-06-18 17:40:20.536  INFO 56958 --- [http-nio-auto-1-exec-7] com.anhe.controller.TestController       : {}
2019-06-18 17:40:20.536  INFO 56958 --- [http-nio-auto-1-exec-7] com.anhe.controller.TestController       : "http://peer2:13112"
2019-06-18 17:40:20.536  INFO 56958 --- [http-nio-auto-1-exec-7] com.anhe.controller.TestController       : "peer2"
2019-06-18 17:40:20.536  INFO 56958 --- [http-nio-auto-1-exec-7] com.anhe.controller.TestController       : 13112
2019-06-18 17:40:20.536  INFO 56958 --- [http-nio-auto-1-exec-7] com.anhe.controller.TestController       : {}
2019-06-18 17:40:20.536  INFO 56958 --- [http-nio-auto-1-exec-7] com.anhe.controller.TestController       : "http://192.168.1.60:13008"
2019-06-18 17:40:20.536  INFO 56958 --- [http-nio-auto-1-exec-7] com.anhe.controller.TestController       : "192.168.1.60"
2019-06-18 17:40:20.536  INFO 56958 --- [http-nio-auto-1-exec-7] com.anhe.controller.TestController       : 13008
2019-06-18 17:40:20.536  INFO 56958 --- [http-nio-auto-1-exec-7] com.anhe.controller.TestController       : {}
2019-06-18 17:40:20.536  INFO 56958 --- [http-nio-auto-1-exec-7] com.anhe.controller.TestController       : registration#getServiceId basic-application
2019-06-18 17:40:20.536  INFO 56958 --- [http-nio-auto-1-exec-7] com.anhe.controller.TestController       : host: albert-tang port: 0, service_id: basic-application
2019-06-18 17:40:20.695  INFO 56958 --- [http-nio-auto-1-exec-9] com.anhe.controller.TestController       : "http://192.168.1.60:13009"
2019-06-18 17:40:20.695  INFO 56958 --- [http-nio-auto-1-exec-9] com.anhe.controller.TestController       : "192.168.1.60"
2019-06-18 17:40:20.695  INFO 56958 --- [http-nio-auto-1-exec-9] com.anhe.controller.TestController       : 13009
2019-06-18 17:40:20.696  INFO 56958 --- [http-nio-auto-1-exec-9] com.anhe.controller.TestController       : {}
2019-06-18 17:40:20.696  INFO 56958 --- [http-nio-auto-1-exec-9] com.anhe.controller.TestController       : "http://192.168.1.60:15555"
2019-06-18 17:40:20.696  INFO 56958 --- [http-nio-auto-1-exec-9] com.anhe.controller.TestController       : "192.168.1.60"
2019-06-18 17:40:20.696  INFO 56958 --- [http-nio-auto-1-exec-9] com.anhe.controller.TestController       : 15555
2019-06-18 17:40:20.696  INFO 56958 --- [http-nio-auto-1-exec-9] com.anhe.controller.TestController       : {}
2019-06-18 17:40:20.696  INFO 56958 --- [http-nio-auto-1-exec-9] com.anhe.controller.TestController       : "http://albert-tang:51233"
2019-06-18 17:40:20.696  INFO 56958 --- [http-nio-auto-1-exec-9] com.anhe.controller.TestController       : "albert-tang"
2019-06-18 17:40:20.696  INFO 56958 --- [http-nio-auto-1-exec-9] com.anhe.controller.TestController       : 51233
2019-06-18 17:40:20.696  INFO 56958 --- [http-nio-auto-1-exec-9] com.anhe.controller.TestController       : {}
2019-06-18 17:40:20.697  INFO 56958 --- [http-nio-auto-1-exec-9] com.anhe.controller.TestController       : "http://192.168.11.56:60741"
2019-06-18 17:40:20.697  INFO 56958 --- [http-nio-auto-1-exec-9] com.anhe.controller.TestController       : "192.168.11.56"
2019-06-18 17:40:20.697  INFO 56958 --- [http-nio-auto-1-exec-9] com.anhe.controller.TestController       : 60741
2019-06-18 17:40:20.697  INFO 56958 --- [http-nio-auto-1-exec-9] com.anhe.controller.TestController       : {}
2019-06-18 17:40:20.697  INFO 56958 --- [http-nio-auto-1-exec-9] com.anhe.controller.TestController       : "http://192.168.11.56:60183"
2019-06-18 17:40:20.697  INFO 56958 --- [http-nio-auto-1-exec-9] com.anhe.controller.TestController       : "192.168.11.56"
2019-06-18 17:40:20.697  INFO 56958 --- [http-nio-auto-1-exec-9] com.anhe.controller.TestController       : 60183
2019-06-18 17:40:20.697  INFO 56958 --- [http-nio-auto-1-exec-9] com.anhe.controller.TestController       : {}
2019-06-18 17:40:20.697  INFO 56958 --- [http-nio-auto-1-exec-9] com.anhe.controller.TestController       : "http://peer1:13111"
2019-06-18 17:40:20.697  INFO 56958 --- [http-nio-auto-1-exec-9] com.anhe.controller.TestController       : "peer1"
2019-06-18 17:40:20.697  INFO 56958 --- [http-nio-auto-1-exec-9] com.anhe.controller.TestController       : 13111
2019-06-18 17:40:20.697  INFO 56958 --- [http-nio-auto-1-exec-9] com.anhe.controller.TestController       : {}
2019-06-18 17:40:20.697  INFO 56958 --- [http-nio-auto-1-exec-9] com.anhe.controller.TestController       : "http://peer2:13112"
2019-06-18 17:40:20.698  INFO 56958 --- [http-nio-auto-1-exec-9] com.anhe.controller.TestController       : "peer2"
2019-06-18 17:40:20.698  INFO 56958 --- [http-nio-auto-1-exec-9] com.anhe.controller.TestController       : 13112
2019-06-18 17:40:20.698  INFO 56958 --- [http-nio-auto-1-exec-9] com.anhe.controller.TestController       : {}
2019-06-18 17:40:20.698  INFO 56958 --- [http-nio-auto-1-exec-9] com.anhe.controller.TestController       : "http://192.168.1.60:13008"
2019-06-18 17:40:20.698  INFO 56958 --- [http-nio-auto-1-exec-9] com.anhe.controller.TestController       : "192.168.1.60"
2019-06-18 17:40:20.698  INFO 56958 --- [http-nio-auto-1-exec-9] com.anhe.controller.TestController       : 13008
2019-06-18 17:40:20.698  INFO 56958 --- [http-nio-auto-1-exec-9] com.anhe.controller.TestController       : {}
2019-06-18 17:40:20.698  INFO 56958 --- [http-nio-auto-1-exec-9] com.anhe.controller.TestController       : registration#getServiceId basic-application
2019-06-18 17:40:20.698  INFO 56958 --- [http-nio-auto-1-exec-9] com.anhe.controller.TestController       : host: albert-tang port: 0, service_id: basic-application
2019-06-18 17:40:20.849  INFO 56958 --- [http-nio-auto-1-exec-1] com.anhe.controller.TestController       : "http://192.168.1.60:13009"
2019-06-18 17:40:20.849  INFO 56958 --- [http-nio-auto-1-exec-1] com.anhe.controller.TestController       : "192.168.1.60"
2019-06-18 17:40:20.849  INFO 56958 --- [http-nio-auto-1-exec-1] com.anhe.controller.TestController       : 13009
2019-06-18 17:40:20.849  INFO 56958 --- [http-nio-auto-1-exec-1] com.anhe.controller.TestController       : {}
2019-06-18 17:40:20.849  INFO 56958 --- [http-nio-auto-1-exec-1] com.anhe.controller.TestController       : "http://192.168.1.60:15555"
2019-06-18 17:40:20.849  INFO 56958 --- [http-nio-auto-1-exec-1] com.anhe.controller.TestController       : "192.168.1.60"
2019-06-18 17:40:20.850  INFO 56958 --- [http-nio-auto-1-exec-1] com.anhe.controller.TestController       : 15555
2019-06-18 17:40:20.850  INFO 56958 --- [http-nio-auto-1-exec-1] com.anhe.controller.TestController       : {}
2019-06-18 17:40:20.850  INFO 56958 --- [http-nio-auto-1-exec-1] com.anhe.controller.TestController       : "http://albert-tang:51233"
2019-06-18 17:40:20.850  INFO 56958 --- [http-nio-auto-1-exec-1] com.anhe.controller.TestController       : "albert-tang"
2019-06-18 17:40:20.850  INFO 56958 --- [http-nio-auto-1-exec-1] com.anhe.controller.TestController       : 51233
2019-06-18 17:40:20.850  INFO 56958 --- [http-nio-auto-1-exec-1] com.anhe.controller.TestController       : {}
2019-06-18 17:40:20.850  INFO 56958 --- [http-nio-auto-1-exec-1] com.anhe.controller.TestController       : "http://192.168.11.56:60741"
2019-06-18 17:40:20.850  INFO 56958 --- [http-nio-auto-1-exec-1] com.anhe.controller.TestController       : "192.168.11.56"
2019-06-18 17:40:20.850  INFO 56958 --- [http-nio-auto-1-exec-1] com.anhe.controller.TestController       : 60741
2019-06-18 17:40:20.850  INFO 56958 --- [http-nio-auto-1-exec-1] com.anhe.controller.TestController       : {}
2019-06-18 17:40:20.851  INFO 56958 --- [http-nio-auto-1-exec-1] com.anhe.controller.TestController       : "http://192.168.11.56:60183"
2019-06-18 17:40:20.851  INFO 56958 --- [http-nio-auto-1-exec-1] com.anhe.controller.TestController       : "192.168.11.56"
2019-06-18 17:40:20.851  INFO 56958 --- [http-nio-auto-1-exec-1] com.anhe.controller.TestController       : 60183
2019-06-18 17:40:20.851  INFO 56958 --- [http-nio-auto-1-exec-1] com.anhe.controller.TestController       : {}
2019-06-18 17:40:20.851  INFO 56958 --- [http-nio-auto-1-exec-1] com.anhe.controller.TestController       : "http://peer1:13111"
2019-06-18 17:40:20.851  INFO 56958 --- [http-nio-auto-1-exec-1] com.anhe.controller.TestController       : "peer1"
2019-06-18 17:40:20.851  INFO 56958 --- [http-nio-auto-1-exec-1] com.anhe.controller.TestController       : 13111
2019-06-18 17:40:20.851  INFO 56958 --- [http-nio-auto-1-exec-1] com.anhe.controller.TestController       : {}
2019-06-18 17:40:20.851  INFO 56958 --- [http-nio-auto-1-exec-1] com.anhe.controller.TestController       : "http://peer2:13112"
2019-06-18 17:40:20.851  INFO 56958 --- [http-nio-auto-1-exec-1] com.anhe.controller.TestController       : "peer2"
2019-06-18 17:40:20.851  INFO 56958 --- [http-nio-auto-1-exec-1] com.anhe.controller.TestController       : 13112
2019-06-18 17:40:20.851  INFO 56958 --- [http-nio-auto-1-exec-1] com.anhe.controller.TestController       : {}
2019-06-18 17:40:20.851  INFO 56958 --- [http-nio-auto-1-exec-1] com.anhe.controller.TestController       : "http://192.168.1.60:13008"
2019-06-18 17:40:20.851  INFO 56958 --- [http-nio-auto-1-exec-1] com.anhe.controller.TestController       : "192.168.1.60"
2019-06-18 17:40:20.851  INFO 56958 --- [http-nio-auto-1-exec-1] com.anhe.controller.TestController       : 13008
2019-06-18 17:40:20.851  INFO 56958 --- [http-nio-auto-1-exec-1] com.anhe.controller.TestController       : {}
2019-06-18 17:40:20.852  INFO 56958 --- [http-nio-auto-1-exec-1] com.anhe.controller.TestController       : registration#getServiceId basic-application
2019-06-18 17:40:20.852  INFO 56958 --- [http-nio-auto-1-exec-1] com.anhe.controller.TestController       : host: albert-tang port: 0, service_id: basic-application
2019-06-18 17:40:21.014  INFO 56958 --- [http-nio-auto-1-exec-3] com.anhe.controller.TestController       : "http://192.168.1.60:13009"
2019-06-18 17:40:21.014  INFO 56958 --- [http-nio-auto-1-exec-3] com.anhe.controller.TestController       : "192.168.1.60"
2019-06-18 17:40:21.014  INFO 56958 --- [http-nio-auto-1-exec-3] com.anhe.controller.TestController       : 13009
2019-06-18 17:40:21.014  INFO 56958 --- [http-nio-auto-1-exec-3] com.anhe.controller.TestController       : {}
2019-06-18 17:40:21.014  INFO 56958 --- [http-nio-auto-1-exec-3] com.anhe.controller.TestController       : "http://192.168.1.60:15555"
2019-06-18 17:40:21.015  INFO 56958 --- [http-nio-auto-1-exec-3] com.anhe.controller.TestController       : "192.168.1.60"
2019-06-18 17:40:21.015  INFO 56958 --- [http-nio-auto-1-exec-3] com.anhe.controller.TestController       : 15555
2019-06-18 17:40:21.015  INFO 56958 --- [http-nio-auto-1-exec-3] com.anhe.controller.TestController       : {}
2019-06-18 17:40:21.015  INFO 56958 --- [http-nio-auto-1-exec-3] com.anhe.controller.TestController       : "http://albert-tang:51233"
2019-06-18 17:40:21.015  INFO 56958 --- [http-nio-auto-1-exec-3] com.anhe.controller.TestController       : "albert-tang"
2019-06-18 17:40:21.015  INFO 56958 --- [http-nio-auto-1-exec-3] com.anhe.controller.TestController       : 51233
2019-06-18 17:40:21.015  INFO 56958 --- [http-nio-auto-1-exec-3] com.anhe.controller.TestController       : {}
2019-06-18 17:40:21.015  INFO 56958 --- [http-nio-auto-1-exec-3] com.anhe.controller.TestController       : "http://192.168.11.56:60741"
2019-06-18 17:40:21.015  INFO 56958 --- [http-nio-auto-1-exec-3] com.anhe.controller.TestController       : "192.168.11.56"
2019-06-18 17:40:21.015  INFO 56958 --- [http-nio-auto-1-exec-3] com.anhe.controller.TestController       : 60741
2019-06-18 17:40:21.015  INFO 56958 --- [http-nio-auto-1-exec-3] com.anhe.controller.TestController       : {}
2019-06-18 17:40:21.015  INFO 56958 --- [http-nio-auto-1-exec-3] com.anhe.controller.TestController       : "http://192.168.11.56:60183"
2019-06-18 17:40:21.016  INFO 56958 --- [http-nio-auto-1-exec-3] com.anhe.controller.TestController       : "192.168.11.56"
2019-06-18 17:40:21.016  INFO 56958 --- [http-nio-auto-1-exec-3] com.anhe.controller.TestController       : 60183
2019-06-18 17:40:21.016  INFO 56958 --- [http-nio-auto-1-exec-3] com.anhe.controller.TestController       : {}
2019-06-18 17:40:21.016  INFO 56958 --- [http-nio-auto-1-exec-3] com.anhe.controller.TestController       : "http://peer1:13111"
2019-06-18 17:40:21.016  INFO 56958 --- [http-nio-auto-1-exec-3] com.anhe.controller.TestController       : "peer1"
2019-06-18 17:40:21.016  INFO 56958 --- [http-nio-auto-1-exec-3] com.anhe.controller.TestController       : 13111
2019-06-18 17:40:21.016  INFO 56958 --- [http-nio-auto-1-exec-3] com.anhe.controller.TestController       : {}
2019-06-18 17:40:21.016  INFO 56958 --- [http-nio-auto-1-exec-3] com.anhe.controller.TestController       : "http://peer2:13112"
2019-06-18 17:40:21.016  INFO 56958 --- [http-nio-auto-1-exec-3] com.anhe.controller.TestController       : "peer2"
2019-06-18 17:40:21.017  INFO 56958 --- [http-nio-auto-1-exec-3] com.anhe.controller.TestController       : 13112
2019-06-18 17:40:21.017  INFO 56958 --- [http-nio-auto-1-exec-3] com.anhe.controller.TestController       : {}
2019-06-18 17:40:21.017  INFO 56958 --- [http-nio-auto-1-exec-3] com.anhe.controller.TestController       : "http://192.168.1.60:13008"
2019-06-18 17:40:21.017  INFO 56958 --- [http-nio-auto-1-exec-3] com.anhe.controller.TestController       : "192.168.1.60"
2019-06-18 17:40:21.017  INFO 56958 --- [http-nio-auto-1-exec-3] com.anhe.controller.TestController       : 13008
2019-06-18 17:40:21.017  INFO 56958 --- [http-nio-auto-1-exec-3] com.anhe.controller.TestController       : {}
2019-06-18 17:40:21.018  INFO 56958 --- [http-nio-auto-1-exec-3] com.anhe.controller.TestController       : registration#getServiceId basic-application
2019-06-18 17:40:21.018  INFO 56958 --- [http-nio-auto-1-exec-3] com.anhe.controller.TestController       : host: albert-tang port: 0, service_id: basic-application
2019-06-18 17:45:00.604  INFO 56958 --- [AsyncResolver-bootstrap-executor-0] c.n.d.s.r.aws.ConfigClusterResolver      : Resolving eureka endpoints via configuration
2019-06-18 17:50:00.598  INFO 56958 --- [AsyncResolver-bootstrap-executor-0] c.n.d.s.r.aws.ConfigClusterResolver      : Resolving eureka endpoints via configuration
2019-06-18 17:55:00.606  INFO 56958 --- [AsyncResolver-bootstrap-executor-0] c.n.d.s.r.aws.ConfigClusterResolver      : Resolving eureka endpoints via configuration
2019-06-18 18:00:00.600  INFO 56958 --- [AsyncResolver-bootstrap-executor-0] c.n.d.s.r.aws.ConfigClusterResolver      : Resolving eureka endpoints via configuration
2019-06-18 18:05:00.594  INFO 56958 --- [AsyncResolver-bootstrap-executor-0] c.n.d.s.r.aws.ConfigClusterResolver      : Resolving eureka endpoints via configuration
2019-06-18 18:10:00.592  INFO 56958 --- [AsyncResolver-bootstrap-executor-0] c.n.d.s.r.aws.ConfigClusterResolver      : Resolving eureka endpoints via configuration
2019-06-18 18:15:00.587  INFO 56958 --- [AsyncResolver-bootstrap-executor-0] c.n.d.s.r.aws.ConfigClusterResolver      : Resolving eureka endpoints via configuration
2019-06-18 18:20:00.581  INFO 56958 --- [AsyncResolver-bootstrap-executor-0] c.n.d.s.r.aws.ConfigClusterResolver      : Resolving eureka endpoints via configuration
2019-06-18 18:25:00.602  INFO 56958 --- [AsyncResolver-bootstrap-executor-0] c.n.d.s.r.aws.ConfigClusterResolver      : Resolving eureka endpoints via configuration
2019-06-18 18:30:00.598  INFO 56958 --- [AsyncResolver-bootstrap-executor-0] c.n.d.s.r.aws.ConfigClusterResolver      : Resolving eureka endpoints via configuration
2019-06-18 20:43:22.516  INFO 56958 --- [AsyncResolver-bootstrap-executor-0] c.n.d.s.r.aws.ConfigClusterResolver      : Resolving eureka endpoints via configuration
2019-06-18 20:48:22.512  INFO 56958 --- [AsyncResolver-bootstrap-executor-0] c.n.d.s.r.aws.ConfigClusterResolver      : Resolving eureka endpoints via configuration
2019-06-18 20:53:22.499  INFO 56958 --- [AsyncResolver-bootstrap-executor-0] c.n.d.s.r.aws.ConfigClusterResolver      : Resolving eureka endpoints via configuration
2019-06-18 20:58:22.494  INFO 56958 --- [AsyncResolver-bootstrap-executor-0] c.n.d.s.r.aws.ConfigClusterResolver      : Resolving eureka endpoints via configuration
2019-06-18 21:03:22.489  INFO 56958 --- [AsyncResolver-bootstrap-executor-0] c.n.d.s.r.aws.ConfigClusterResolver      : Resolving eureka endpoints via configuration
2019-06-18 21:08:22.503  INFO 56958 --- [AsyncResolver-bootstrap-executor-0] c.n.d.s.r.aws.ConfigClusterResolver      : Resolving eureka endpoints via configuration
2019-06-18 21:13:22.504  INFO 56958 --- [AsyncResolver-bootstrap-executor-0] c.n.d.s.r.aws.ConfigClusterResolver      : Resolving eureka endpoints via configuration
2019-06-18 21:18:22.501  INFO 56958 --- [AsyncResolver-bootstrap-executor-0] c.n.d.s.r.aws.ConfigClusterResolver      : Resolving eureka endpoints via configuration
2019-06-18 21:23:22.495  INFO 56958 --- [AsyncResolver-bootstrap-executor-0] c.n.d.s.r.aws.ConfigClusterResolver      : Resolving eureka endpoints via configuration
2019-06-18 21:28:22.498  INFO 56958 --- [AsyncResolver-bootstrap-executor-0] c.n.d.s.r.aws.ConfigClusterResolver      : Resolving eureka endpoints via configuration
2019-06-18 21:33:22.495  INFO 56958 --- [AsyncResolver-bootstrap-executor-0] c.n.d.s.r.aws.ConfigClusterResolver      : Resolving eureka endpoints via configuration
2019-06-18 21:38:22.489  INFO 56958 --- [AsyncResolver-bootstrap-executor-0] c.n.d.s.r.aws.ConfigClusterResolver      : Resolving eureka endpoints via configuration
2019-06-18 21:43:22.485  INFO 56958 --- [AsyncResolver-bootstrap-executor-0] c.n.d.s.r.aws.ConfigClusterResolver      : Resolving eureka endpoints via configuration
2019-06-18 21:48:22.481  INFO 56958 --- [AsyncResolver-bootstrap-executor-0] c.n.d.s.r.aws.ConfigClusterResolver      : Resolving eureka endpoints via configuration
2019-06-18 21:53:22.478  INFO 56958 --- [AsyncResolver-bootstrap-executor-0] c.n.d.s.r.aws.ConfigClusterResolver      : Resolving eureka endpoints via configuration
2019-06-18 21:58:22.475  INFO 56958 --- [AsyncResolver-bootstrap-executor-0] c.n.d.s.r.aws.ConfigClusterResolver      : Resolving eureka endpoints via configuration
2019-06-18 22:03:22.461  INFO 56958 --- [AsyncResolver-bootstrap-executor-0] c.n.d.s.r.aws.ConfigClusterResolver      : Resolving eureka endpoints via configuration
2019-06-18 22:08:22.456  INFO 56958 --- [AsyncResolver-bootstrap-executor-0] c.n.d.s.r.aws.ConfigClusterResolver      : Resolving eureka endpoints via configuration
2019-06-18 22:13:22.450  INFO 56958 --- [AsyncResolver-bootstrap-executor-0] c.n.d.s.r.aws.ConfigClusterResolver      : Resolving eureka endpoints via configuration
2019-06-18 22:18:22.450  INFO 56958 --- [AsyncResolver-bootstrap-executor-0] c.n.d.s.r.aws.ConfigClusterResolver      : Resolving eureka endpoints via configuration
2019-06-18 22:23:22.438  INFO 56958 --- [AsyncResolver-bootstrap-executor-0] c.n.d.s.r.aws.ConfigClusterResolver      : Resolving eureka endpoints via configuration
2019-06-18 22:28:22.437  INFO 56958 --- [AsyncResolver-bootstrap-executor-0] c.n.d.s.r.aws.ConfigClusterResolver      : Resolving eureka endpoints via configuration
2019-06-18 22:33:22.432  INFO 56958 --- [AsyncResolver-bootstrap-executor-0] c.n.d.s.r.aws.ConfigClusterResolver      : Resolving eureka endpoints via configuration
2019-06-18 22:38:22.418  INFO 56958 --- [AsyncResolver-bootstrap-executor-0] c.n.d.s.r.aws.ConfigClusterResolver      : Resolving eureka endpoints via configuration
2019-06-18 22:43:22.412  INFO 56958 --- [AsyncResolver-bootstrap-executor-0] c.n.d.s.r.aws.ConfigClusterResolver      : Resolving eureka endpoints via configuration
2019-06-18 22:48:22.406  INFO 56958 --- [AsyncResolver-bootstrap-executor-0] c.n.d.s.r.aws.ConfigClusterResolver      : Resolving eureka endpoints via configuration
2019-06-18 22:53:22.395  INFO 56958 --- [AsyncResolver-bootstrap-executor-0] c.n.d.s.r.aws.ConfigClusterResolver      : Resolving eureka endpoints via configuration
2019-06-18 22:58:22.388  INFO 56958 --- [AsyncResolver-bootstrap-executor-0] c.n.d.s.r.aws.ConfigClusterResolver      : Resolving eureka endpoints via configuration
2019-06-18 23:03:22.383  INFO 56958 --- [AsyncResolver-bootstrap-executor-0] c.n.d.s.r.aws.ConfigClusterResolver      : Resolving eureka endpoints via configuration
2019-06-18 23:08:22.372  INFO 56958 --- [AsyncResolver-bootstrap-executor-0] c.n.d.s.r.aws.ConfigClusterResolver      : Resolving eureka endpoints via configuration
2019-06-18 23:13:22.364  INFO 56958 --- [AsyncResolver-bootstrap-executor-0] c.n.d.s.r.aws.ConfigClusterResolver      : Resolving eureka endpoints via configuration
2019-06-18 23:18:22.358  INFO 56958 --- [AsyncResolver-bootstrap-executor-0] c.n.d.s.r.aws.ConfigClusterResolver      : Resolving eureka endpoints via configuration
2019-06-18 23:23:22.365  INFO 56958 --- [AsyncResolver-bootstrap-executor-0] c.n.d.s.r.aws.ConfigClusterResolver      : Resolving eureka endpoints via configuration
2019-06-18 23:28:22.359  INFO 56958 --- [AsyncResolver-bootstrap-executor-0] c.n.d.s.r.aws.ConfigClusterResolver      : Resolving eureka endpoints via configuration
2019-06-18 23:33:22.354  INFO 56958 --- [AsyncResolver-bootstrap-executor-0] c.n.d.s.r.aws.ConfigClusterResolver      : Resolving eureka endpoints via configuration
2019-06-18 23:38:22.357  INFO 56958 --- [AsyncResolver-bootstrap-executor-0] c.n.d.s.r.aws.ConfigClusterResolver      : Resolving eureka endpoints via configuration
2019-06-19 02:51:53.927  INFO 56958 --- [AsyncResolver-bootstrap-executor-0] c.n.d.s.r.aws.ConfigClusterResolver      : Resolving eureka endpoints via configuration
2019-06-19 06:03:22.973  INFO 56958 --- [AsyncResolver-bootstrap-executor-0] c.n.d.s.r.aws.ConfigClusterResolver      : Resolving eureka endpoints via configuration
2019-06-19 06:08:22.977  INFO 56958 --- [AsyncResolver-bootstrap-executor-0] c.n.d.s.r.aws.ConfigClusterResolver      : Resolving eureka endpoints via configuration
2019-06-19 06:13:22.978  INFO 56958 --- [AsyncResolver-bootstrap-executor-0] c.n.d.s.r.aws.ConfigClusterResolver      : Resolving eureka endpoints via configuration
2019-06-19 06:18:22.979  INFO 56958 --- [AsyncResolver-bootstrap-executor-0] c.n.d.s.r.aws.ConfigClusterResolver      : Resolving eureka endpoints via configuration
2019-06-19 06:23:22.980  INFO 56958 --- [AsyncResolver-bootstrap-executor-0] c.n.d.s.r.aws.ConfigClusterResolver      : Resolving eureka endpoints via configuration
2019-06-19 06:28:22.981  INFO 56958 --- [AsyncResolver-bootstrap-executor-0] c.n.d.s.r.aws.ConfigClusterResolver      : Resolving eureka endpoints via configuration
2019-06-19 06:33:22.984  INFO 56958 --- [AsyncResolver-bootstrap-executor-0] c.n.d.s.r.aws.ConfigClusterResolver      : Resolving eureka endpoints via configuration
2019-06-19 06:38:22.985  INFO 56958 --- [AsyncResolver-bootstrap-executor-0] c.n.d.s.r.aws.ConfigClusterResolver      : Resolving eureka endpoints via configuration
2019-06-19 06:43:22.986  INFO 56958 --- [AsyncResolver-bootstrap-executor-0] c.n.d.s.r.aws.ConfigClusterResolver      : Resolving eureka endpoints via configuration
2019-06-19 06:48:22.987  INFO 56958 --- [AsyncResolver-bootstrap-executor-0] c.n.d.s.r.aws.ConfigClusterResolver      : Resolving eureka endpoints via configuration
2019-06-19 06:53:22.991  INFO 56958 --- [AsyncResolver-bootstrap-executor-0] c.n.d.s.r.aws.ConfigClusterResolver      : Resolving eureka endpoints via configuration
2019-06-19 06:58:22.993  INFO 56958 --- [AsyncResolver-bootstrap-executor-0] c.n.d.s.r.aws.ConfigClusterResolver      : Resolving eureka endpoints via configuration
2019-06-19 07:48:38.436  INFO 56958 --- [AsyncResolver-bootstrap-executor-0] c.n.d.s.r.aws.ConfigClusterResolver      : Resolving eureka endpoints via configuration
2019-06-19 07:53:38.435  INFO 56958 --- [AsyncResolver-bootstrap-executor-0] c.n.d.s.r.aws.ConfigClusterResolver      : Resolving eureka endpoints via configuration
2019-06-19 07:58:38.436  INFO 56958 --- [AsyncResolver-bootstrap-executor-0] c.n.d.s.r.aws.ConfigClusterResolver      : Resolving eureka endpoints via configuration
2019-06-19 09:30:22.600  INFO 56958 --- [AsyncResolver-bootstrap-executor-0] c.n.d.s.r.aws.ConfigClusterResolver      : Resolving eureka endpoints via configuration
2019-06-19 09:35:22.600  INFO 56958 --- [AsyncResolver-bootstrap-executor-0] c.n.d.s.r.aws.ConfigClusterResolver      : Resolving eureka endpoints via configuration
2019-06-19 09:40:22.596  INFO 56958 --- [AsyncResolver-bootstrap-executor-0] c.n.d.s.r.aws.ConfigClusterResolver      : Resolving eureka endpoints via configuration
2019-06-19 09:45:22.596  INFO 56958 --- [AsyncResolver-bootstrap-executor-0] c.n.d.s.r.aws.ConfigClusterResolver      : Resolving eureka endpoints via configuration
2019-06-19 09:50:22.593  INFO 56958 --- [AsyncResolver-bootstrap-executor-0] c.n.d.s.r.aws.ConfigClusterResolver      : Resolving eureka endpoints via configuration
2019-06-19 09:55:22.591  INFO 56958 --- [AsyncResolver-bootstrap-executor-0] c.n.d.s.r.aws.ConfigClusterResolver      : Resolving eureka endpoints via configuration
2019-06-19 09:56:24.704  INFO 56958 --- [Thread-14] ationConfigEmbeddedWebApplicationContext : Closing org.springframework.boot.context.embedded.AnnotationConfigEmbeddedWebApplicationContext@7efaad5a: startup date [Tue Jun 18 17:39:57 CST 2019]; parent: org.springframework.context.annotation.AnnotationConfigApplicationContext@10e92f8f
2019-06-19 09:56:24.847  INFO 56958 --- [Thread-14] o.s.c.n.e.s.EurekaServiceRegistry        : Unregistering application basic-application with eureka with status DOWN
2019-06-19 09:56:24.851  WARN 56958 --- [Thread-14] com.netflix.discovery.DiscoveryClient    : Saw local status change event StatusChangeEvent [timestamp=1560909384851, current=DOWN, previous=UP]
2019-06-19 09:56:24.857  INFO 56958 --- [DiscoveryClient-InstanceInfoReplicator-0] com.netflix.discovery.DiscoveryClient    : DiscoveryClient_BASIC-APPLICATION/basic-application:-1002934356: registering service...
2019-06-19 09:56:24.897  INFO 56958 --- [Thread-14] com.netflix.discovery.DiscoveryClient    : Shutting down DiscoveryClient ...
2019-06-19 09:56:24.915  INFO 56958 --- [Thread-14] com.netflix.discovery.DiscoveryClient    : Unregistering ...
2019-06-19 09:56:24.983  INFO 56958 --- [DiscoveryClient-InstanceInfoReplicator-0] com.netflix.discovery.DiscoveryClient    : DiscoveryClient_BASIC-APPLICATION/basic-application:-1002934356 - registration status: 204
2019-06-19 09:56:25.015  INFO 56958 --- [Thread-14] com.netflix.discovery.DiscoveryClient    : DiscoveryClient_BASIC-APPLICATION/basic-application:-1002934356 - deregister  status: 200
2019-06-19 09:56:25.074  INFO 56958 --- [Thread-14] com.netflix.discovery.DiscoveryClient    : Completed shut down of DiscoveryClient
2019-06-19 09:56:25.242  INFO 56958 --- [Thread-14] o.s.c.support.DefaultLifecycleProcessor  : Stopping beans in phase 0
2019-06-19 09:56:25.293  INFO 56958 --- [Thread-14] o.s.j.e.a.AnnotationMBeanExporter        : Unregistering JMX-exposed beans on shutdown
2019-06-19 09:56:25.293  INFO 56958 --- [Thread-14] o.s.j.e.a.AnnotationMBeanExporter        : Unregistering JMX-exposed beans
